Using pre-set license
Built from '2021.3/staging' branch; Version is '2021.3.16f1 (4016570cf34f) revision 4200023'; Using compiler version '192829333'; Build Type 'Release'
OS: 'Windows 10  (10.0.19045) 64bit ProfessionalEducation' Language: 'en' Physical Memory: 16333 MB
BatchMode: 1, IsHumanControllingUs: 0, StartBugReporterOnCrash: 0, Is64bit: 1, IsPro: 1

COMMAND LINE ARGUMENTS:
D:\unity\Unity 2021.3.16f1\Editor\Unity.exe
-adb2
-batchMode
-noUpm
-name
AssetImportWorker1
-projectPath
D:/unity/projects/ForeignAttack/Game1ForeignAttack
-logFile
Logs/AssetImportWorker1.log
-srvPort
49821
Successfully changed project path to: D:/unity/projects/ForeignAttack/Game1ForeignAttack
D:/unity/projects/ForeignAttack/Game1ForeignAttack
[UnityMemory] Configuration Parameters - Can be set up in boot.config
    "memorysetup-bucket-allocator-granularity=16"
    "memorysetup-bucket-allocator-bucket-count=8"
    "memorysetup-bucket-allocator-block-size=33554432"
    "memorysetup-bucket-allocator-block-count=8"
    "memorysetup-main-allocator-block-size=16777216"
    "memorysetup-thread-allocator-block-size=16777216"
    "memorysetup-gfx-main-allocator-block-size=16777216"
    "memorysetup-gfx-thread-allocator-block-size=16777216"
    "memorysetup-cache-allocator-block-size=4194304"
    "memorysetup-typetree-allocator-block-size=2097152"
    "memorysetup-profiler-bucket-allocator-granularity=16"
    "memorysetup-profiler-bucket-allocator-bucket-count=8"
    "memorysetup-profiler-bucket-allocator-block-size=33554432"
    "memorysetup-profiler-bucket-allocator-block-count=8"
    "memorysetup-profiler-allocator-block-size=16777216"
    "memorysetup-profiler-editor-allocator-block-size=1048576"
    "memorysetup-temp-allocator-size-main=16777216"
    "memorysetup-job-temp-allocator-block-size=2097152"
    "memorysetup-job-temp-allocator-block-size-background=1048576"
    "memorysetup-job-temp-allocator-reduction-small-platforms=262144"
    "memorysetup-temp-allocator-size-background-worker=32768"
    "memorysetup-temp-allocator-size-job-worker=262144"
    "memorysetup-temp-allocator-size-preload-manager=33554432"
    "memorysetup-temp-allocator-size-nav-mesh-worker=65536"
    "memorysetup-temp-allocator-size-audio-worker=65536"
    "memorysetup-temp-allocator-size-cloud-worker=32768"
    "memorysetup-temp-allocator-size-gi-baking-worker=262144"
    "memorysetup-temp-allocator-size-gfx=262144"
Player connection [12360] Host "[IP] 10.0.0.105 [Port] 0 [Flags] 2 [Guid] 1128884854 [EditorId] 1128884854 [Version] 1048832 [Id] WindowsEditor(7,DESKTOP-HJ4FOUM) [Debug] 1 [PackageName] WindowsEditor [ProjectName] Editor" joined multi-casting on [225.0.0.222:54997]...

Player connection [12360] Host "[IP] 10.0.0.105 [Port] 0 [Flags] 2 [Guid] 1128884854 [EditorId] 1128884854 [Version] 1048832 [Id] WindowsEditor(7,DESKTOP-HJ4FOUM) [Debug] 1 [PackageName] WindowsEditor [ProjectName] Editor" joined alternative multi-casting on [225.0.0.222:34997]...

Refreshing native plugins compatible for Editor in 94.55 ms, found 3 plugins.
Preloading 0 native plugins for Editor in 0.00 ms.
Initialize engine version: 2021.3.16f1 (4016570cf34f)
[Subsystems] Discovering subsystems at path D:/unity/Unity 2021.3.16f1/Editor/Data/Resources/UnitySubsystems
[Subsystems] Discovering subsystems at path D:/unity/projects/ForeignAttack/Game1ForeignAttack/Assets
GfxDevice: creating device client; threaded=0; jobified=0
Direct3D:
    Version:  Direct3D 11.0 [level 11.1]
    Renderer: NVIDIA GeForce RTX 2060 (ID=0x1f08)
    Vendor:   NVIDIA
    VRAM:     5980 MB
    Driver:   31.0.15.1694
Initialize mono
Mono path[0] = 'D:/unity/Unity 2021.3.16f1/Editor/Data/Managed'
Mono path[1] = 'D:/unity/Unity 2021.3.16f1/Editor/Data/MonoBleedingEdge/lib/mono/unityjit-win32'
Mono config path = 'D:/unity/Unity 2021.3.16f1/Editor/Data/MonoBleedingEdge/etc'
Using monoOptions --debugger-agent=transport=dt_socket,embedding=1,server=y,suspend=n,address=127.0.0.1:56296
Begin MonoManager ReloadAssembly
Registering precompiled unity dll's ...
Register platform support module: D:/unity/Unity 2021.3.16f1/Editor/Data/PlaybackEngines/WindowsStandaloneSupport/UnityEditor.WindowsStandalone.Extensions.dll
Registered in 0.002807 seconds.
Native extension for WindowsStandalone target not found
Refreshing native plugins compatible for Editor in 93.39 ms, found 3 plugins.
Preloading 0 native plugins for Editor in 0.00 ms.
Mono: successfully reloaded assembly
- Completed reload, in  0.648 seconds
Domain Reload Profiling:
	ReloadAssembly (649ms)
		BeginReloadAssembly (96ms)
			ExecutionOrderSort (0ms)
			DisableScriptedObjects (0ms)
			BackupInstance (0ms)
			ReleaseScriptingObjects (0ms)
			CreateAndSetChildDomain (1ms)
		EndReloadAssembly (458ms)
			LoadAssemblies (96ms)
			RebuildTransferFunctionScriptingTraits (0ms)
			SetupTypeCache (95ms)
			ReleaseScriptCaches (0ms)
			RebuildScriptCaches (27ms)
			SetupLoadedEditorAssemblies (294ms)
				LogAssemblyErrors (0ms)
				InitializePlatformSupportModulesInManaged (6ms)
				SetLoadedEditorAssemblies (0ms)
				RefreshPlugins (93ms)
				BeforeProcessingInitializeOnLoad (1ms)
				ProcessInitializeOnLoadAttributes (152ms)
				ProcessInitializeOnLoadMethodAttributes (41ms)
				AfterProcessingInitializeOnLoad (0ms)
				EditorAssembliesLoaded (0ms)
			ExecutionOrderSort2 (0ms)
			AwakeInstancesAfterBackupRestoration (0ms)
Platform modules already initialized, skipping
Registering precompiled user dll's ...
Registered in 0.010266 seconds.
Begin MonoManager ReloadAssembly
Symbol file LoadedFromMemory doesn't match image D:\unity\projects\ForeignAttack\Game1ForeignAttack\Library\PackageCache\com.unity.visualscripting@1.7.8\Editor\VisualScripting.Core\Dependencies\YamlDotNet\Unity.VisualScripting.YamlDotNet.dll
Symbol file LoadedFromMemory doesn't match image D:\unity\projects\ForeignAttack\Game1ForeignAttack\Library\PackageCache\com.unity.visualscripting@1.7.8\Editor\VisualScripting.Core\Dependencies\DotNetZip\Unity.VisualScripting.IonicZip.dll
Native extension for WindowsStandalone target not found
Refreshing native plugins compatible for Editor in 0.86 ms, found 3 plugins.
Preloading 0 native plugins for Editor in 0.00 ms.
Mono: successfully reloaded assembly
- Completed reload, in  1.049 seconds
Domain Reload Profiling:
	ReloadAssembly (1050ms)
		BeginReloadAssembly (127ms)
			ExecutionOrderSort (0ms)
			DisableScriptedObjects (5ms)
			BackupInstance (0ms)
			ReleaseScriptingObjects (0ms)
			CreateAndSetChildDomain (20ms)
		EndReloadAssembly (802ms)
			LoadAssemblies (116ms)
			RebuildTransferFunctionScriptingTraits (0ms)
			SetupTypeCache (263ms)
			ReleaseScriptCaches (1ms)
			RebuildScriptCaches (48ms)
			SetupLoadedEditorAssemblies (362ms)
				LogAssemblyErrors (0ms)
				InitializePlatformSupportModulesInManaged (4ms)
				SetLoadedEditorAssemblies (0ms)
				RefreshPlugins (1ms)
				BeforeProcessingInitializeOnLoad (89ms)
				ProcessInitializeOnLoadAttributes (240ms)
				ProcessInitializeOnLoadMethodAttributes (25ms)
				AfterProcessingInitializeOnLoad (3ms)
				EditorAssembliesLoaded (0ms)
			ExecutionOrderSort2 (0ms)
			AwakeInstancesAfterBackupRestoration (5ms)
Platform modules already initialized, skipping
========================================================================
Worker process is ready to serve import requests
Launched and connected shader compiler UnityShaderCompiler.exe after 0.07 seconds
Refreshing native plugins compatible for Editor in 1.56 ms, found 3 plugins.
Preloading 0 native plugins for Editor in 0.00 ms.
Unloading 3774 Unused Serialized files (Serialized files now loaded: 0)
Unloading 28 unused Assets / (167.8 KB). Loaded Objects now: 4232.
Memory consumption went from 134.4 MB to 134.3 MB.
Total: 3.238600 ms (FindLiveObjects: 0.350100 ms CreateObjectMapping: 0.092600 ms MarkObjects: 2.641000 ms  DeleteObjects: 0.153900 ms)

AssetImportParameters requested are different than current active one (requested -> active):
  custom:video-decoder-ogg-theora: a1e56fd34408186e4bbccfd4996cb3dc -> 
  custom:container-muxer-webm: aa71ff27fc2769a1b78a27578f13a17b -> 
  custom:container-demuxer-webm: 4f35f7cbe854078d1ac9338744f61a02 -> 
  custom:video-encoder-webm-vp8: eb34c28f22e8b96e1ab97ce403110664 -> 
  custom:audio-encoder-webm-vorbis: bf7c407c2cedff20999df2af8eb42d56 -> 
  custom:framework-win-MediaFoundation: 216162199b28c13a410421893ffa2e32 -> 
  custom:container-demuxer-ogg: 62fdf1f143b41e24485cea50d1cbac27 -> 
  custom:video-decoder-webm-vp8: 9c59270c3fd7afecdb556c50c9e8de78 -> 
  custom:audio-decoder-ogg-vorbis: bf7c407c2cedff20999df2af8eb42d56 -> 
========================================================================
Received Import Request.
  Time since last request: 801679.111671 seconds.
  path: Assets/Models/grass_close.jpg
  artifactKey: Guid(abb1143d0ac38044b8c3f414f28df2f0) Importer(815301076,1909f56bfc062723c751e8b465ee728b)
Start importing Assets/Models/grass_close.jpg using Guid(abb1143d0ac38044b8c3f414f28df2f0) Importer(815301076,1909f56bfc062723c751e8b465ee728b)  -> (artifact id: '9978524418bf723530d6ef17a9d78be2') in 0.100105 seconds 
========================================================================
Received Import Request.
  Time since last request: 0.000031 seconds.
  path: Assets/Models/istockphoto-980777600-170667a.jpg
  artifactKey: Guid(ff9ac828c42acd647ad22db15968ecc1) Importer(815301076,1909f56bfc062723c751e8b465ee728b)
Start importing Assets/Models/istockphoto-980777600-170667a.jpg using Guid(ff9ac828c42acd647ad22db15968ecc1) Importer(815301076,1909f56bfc062723c751e8b465ee728b)  -> (artifact id: 'bf6369c429ec4b0be3b35c7116a85a87') in 0.038843 seconds 
========================================================================
Received Prepare
Registering precompiled user dll's ...
Registered in 0.009278 seconds.
Begin MonoManager ReloadAssembly
Symbol file LoadedFromMemory doesn't match image D:\unity\projects\ForeignAttack\Game1ForeignAttack\Library\PackageCache\com.unity.visualscripting@1.7.8\Editor\VisualScripting.Core\Dependencies\YamlDotNet\Unity.VisualScripting.YamlDotNet.dll
Symbol file LoadedFromMemory doesn't match image D:\unity\projects\ForeignAttack\Game1ForeignAttack\Library\PackageCache\com.unity.visualscripting@1.7.8\Editor\VisualScripting.Core\Dependencies\DotNetZip\Unity.VisualScripting.IonicZip.dll
Native extension for WindowsStandalone target not found
Refreshing native plugins compatible for Editor in 0.79 ms, found 3 plugins.
Preloading 0 native plugins for Editor in 0.00 ms.
Mono: successfully reloaded assembly
- Completed reload, in  1.171 seconds
Domain Reload Profiling:
	ReloadAssembly (1172ms)
		BeginReloadAssembly (213ms)
			ExecutionOrderSort (0ms)
			DisableScriptedObjects (5ms)
			BackupInstance (0ms)
			ReleaseScriptingObjects (0ms)
			CreateAndSetChildDomain (48ms)
		EndReloadAssembly (855ms)
			LoadAssemblies (182ms)
			RebuildTransferFunctionScriptingTraits (0ms)
			SetupTypeCache (313ms)
			ReleaseScriptCaches (2ms)
			RebuildScriptCaches (46ms)
			SetupLoadedEditorAssemblies (342ms)
				LogAssemblyErrors (0ms)
				InitializePlatformSupportModulesInManaged (11ms)
				SetLoadedEditorAssemblies (1ms)
				RefreshPlugins (1ms)
				BeforeProcessingInitializeOnLoad (72ms)
				ProcessInitializeOnLoadAttributes (227ms)
				ProcessInitializeOnLoadMethodAttributes (27ms)
				AfterProcessingInitializeOnLoad (3ms)
				EditorAssembliesLoaded (0ms)
			ExecutionOrderSort2 (0ms)
			AwakeInstancesAfterBackupRestoration (7ms)
Platform modules already initialized, skipping
Refreshing native plugins compatible for Editor in 2.61 ms, found 3 plugins.
Preloading 0 native plugins for Editor in 0.00 ms.
Unloading 3749 Unused Serialized files (Serialized files now loaded: 0)
Unloading 21 unused Assets / (119.2 KB). Loaded Objects now: 4239.
Memory consumption went from 132.4 MB to 132.2 MB.
Total: 3.253400 ms (FindLiveObjects: 0.350000 ms CreateObjectMapping: 0.091300 ms MarkObjects: 2.684700 ms  DeleteObjects: 0.126600 ms)

AssetImportParameters requested are different than current active one (requested -> active):
  custom:video-decoder-ogg-theora: a1e56fd34408186e4bbccfd4996cb3dc -> 
  custom:container-muxer-webm: aa71ff27fc2769a1b78a27578f13a17b -> 
  custom:container-demuxer-webm: 4f35f7cbe854078d1ac9338744f61a02 -> 
  custom:video-encoder-webm-vp8: eb34c28f22e8b96e1ab97ce403110664 -> 
  custom:audio-encoder-webm-vorbis: bf7c407c2cedff20999df2af8eb42d56 -> 
  custom:framework-win-MediaFoundation: 216162199b28c13a410421893ffa2e32 -> 
  custom:container-demuxer-ogg: 62fdf1f143b41e24485cea50d1cbac27 -> 
  custom:video-decoder-webm-vp8: 9c59270c3fd7afecdb556c50c9e8de78 -> 
  custom:audio-decoder-ogg-vorbis: bf7c407c2cedff20999df2af8eb42d56 -> 
========================================================================
Received Prepare
Registering precompiled user dll's ...
Registered in 0.008484 seconds.
Begin MonoManager ReloadAssembly
Symbol file LoadedFromMemory doesn't match image D:\unity\projects\ForeignAttack\Game1ForeignAttack\Library\PackageCache\com.unity.visualscripting@1.7.8\Editor\VisualScripting.Core\Dependencies\YamlDotNet\Unity.VisualScripting.YamlDotNet.dll
Symbol file LoadedFromMemory doesn't match image D:\unity\projects\ForeignAttack\Game1ForeignAttack\Library\PackageCache\com.unity.visualscripting@1.7.8\Editor\VisualScripting.Core\Dependencies\DotNetZip\Unity.VisualScripting.IonicZip.dll
Native extension for WindowsStandalone target not found
Refreshing native plugins compatible for Editor in 1.02 ms, found 3 plugins.
Preloading 0 native plugins for Editor in 0.00 ms.
Mono: successfully reloaded assembly
- Completed reload, in  1.169 seconds
Domain Reload Profiling:
	ReloadAssembly (1169ms)
		BeginReloadAssembly (175ms)
			ExecutionOrderSort (0ms)
			DisableScriptedObjects (8ms)
			BackupInstance (0ms)
			ReleaseScriptingObjects (0ms)
			CreateAndSetChildDomain (41ms)
		EndReloadAssembly (891ms)
			LoadAssemblies (148ms)
			RebuildTransferFunctionScriptingTraits (0ms)
			SetupTypeCache (321ms)
			ReleaseScriptCaches (2ms)
			RebuildScriptCaches (46ms)
			SetupLoadedEditorAssemblies (366ms)
				LogAssemblyErrors (0ms)
				InitializePlatformSupportModulesInManaged (12ms)
				SetLoadedEditorAssemblies (0ms)
				RefreshPlugins (1ms)
				BeforeProcessingInitializeOnLoad (72ms)
				ProcessInitializeOnLoadAttributes (249ms)
				ProcessInitializeOnLoadMethodAttributes (29ms)
				AfterProcessingInitializeOnLoad (3ms)
				EditorAssembliesLoaded (0ms)
			ExecutionOrderSort2 (0ms)
			AwakeInstancesAfterBackupRestoration (7ms)
Platform modules already initialized, skipping
Refreshing native plugins compatible for Editor in 2.84 ms, found 3 plugins.
Preloading 0 native plugins for Editor in 0.00 ms.
Unloading 3749 Unused Serialized files (Serialized files now loaded: 0)
Unloading 21 unused Assets / (134.8 KB). Loaded Objects now: 4242.
Memory consumption went from 132.4 MB to 132.3 MB.
Total: 3.209000 ms (FindLiveObjects: 0.385000 ms CreateObjectMapping: 0.088700 ms MarkObjects: 2.582200 ms  DeleteObjects: 0.152000 ms)

AssetImportParameters requested are different than current active one (requested -> active):
  custom:video-decoder-ogg-theora: a1e56fd34408186e4bbccfd4996cb3dc -> 
  custom:container-muxer-webm: aa71ff27fc2769a1b78a27578f13a17b -> 
  custom:container-demuxer-webm: 4f35f7cbe854078d1ac9338744f61a02 -> 
  custom:video-encoder-webm-vp8: eb34c28f22e8b96e1ab97ce403110664 -> 
  custom:audio-encoder-webm-vorbis: bf7c407c2cedff20999df2af8eb42d56 -> 
  custom:framework-win-MediaFoundation: 216162199b28c13a410421893ffa2e32 -> 
  custom:container-demuxer-ogg: 62fdf1f143b41e24485cea50d1cbac27 -> 
  custom:video-decoder-webm-vp8: 9c59270c3fd7afecdb556c50c9e8de78 -> 
  custom:audio-decoder-ogg-vorbis: bf7c407c2cedff20999df2af8eb42d56 -> 
========================================================================
Received Prepare
Registering precompiled user dll's ...
Registered in 0.010035 seconds.
Begin MonoManager ReloadAssembly
Symbol file LoadedFromMemory doesn't match image D:\unity\projects\ForeignAttack\Game1ForeignAttack\Library\PackageCache\com.unity.visualscripting@1.7.8\Editor\VisualScripting.Core\Dependencies\YamlDotNet\Unity.VisualScripting.YamlDotNet.dll
Symbol file LoadedFromMemory doesn't match image D:\unity\projects\ForeignAttack\Game1ForeignAttack\Library\PackageCache\com.unity.visualscripting@1.7.8\Editor\VisualScripting.Core\Dependencies\DotNetZip\Unity.VisualScripting.IonicZip.dll
Native extension for WindowsStandalone target not found
Refreshing native plugins compatible for Editor in 1.01 ms, found 3 plugins.
Preloading 0 native plugins for Editor in 0.00 ms.
Mono: successfully reloaded assembly
- Completed reload, in  1.184 seconds
Domain Reload Profiling:
	ReloadAssembly (1185ms)
		BeginReloadAssembly (170ms)
			ExecutionOrderSort (0ms)
			DisableScriptedObjects (8ms)
			BackupInstance (0ms)
			ReleaseScriptingObjects (0ms)
			CreateAndSetChildDomain (36ms)
		EndReloadAssembly (907ms)
			LoadAssemblies (147ms)
			RebuildTransferFunctionScriptingTraits (0ms)
			SetupTypeCache (318ms)
			ReleaseScriptCaches (2ms)
			RebuildScriptCaches (47ms)
			SetupLoadedEditorAssemblies (385ms)
				LogAssemblyErrors (0ms)
				InitializePlatformSupportModulesInManaged (13ms)
				SetLoadedEditorAssemblies (0ms)
				RefreshPlugins (1ms)
				BeforeProcessingInitializeOnLoad (74ms)
				ProcessInitializeOnLoadAttributes (265ms)
				ProcessInitializeOnLoadMethodAttributes (27ms)
				AfterProcessingInitializeOnLoad (4ms)
				EditorAssembliesLoaded (0ms)
			ExecutionOrderSort2 (0ms)
			AwakeInstancesAfterBackupRestoration (7ms)
Platform modules already initialized, skipping
Refreshing native plugins compatible for Editor in 2.62 ms, found 3 plugins.
Preloading 0 native plugins for Editor in 0.00 ms.
Unloading 3749 Unused Serialized files (Serialized files now loaded: 0)
Unloading 21 unused Assets / (119.3 KB). Loaded Objects now: 4245.
Memory consumption went from 132.4 MB to 132.3 MB.
Total: 3.396400 ms (FindLiveObjects: 0.354500 ms CreateObjectMapping: 0.087400 ms MarkObjects: 2.809400 ms  DeleteObjects: 0.144200 ms)

AssetImportParameters requested are different than current active one (requested -> active):
  custom:video-decoder-ogg-theora: a1e56fd34408186e4bbccfd4996cb3dc -> 
  custom:container-muxer-webm: aa71ff27fc2769a1b78a27578f13a17b -> 
  custom:container-demuxer-webm: 4f35f7cbe854078d1ac9338744f61a02 -> 
  custom:video-encoder-webm-vp8: eb34c28f22e8b96e1ab97ce403110664 -> 
  custom:audio-encoder-webm-vorbis: bf7c407c2cedff20999df2af8eb42d56 -> 
  custom:framework-win-MediaFoundation: 216162199b28c13a410421893ffa2e32 -> 
  custom:container-demuxer-ogg: 62fdf1f143b41e24485cea50d1cbac27 -> 
  custom:video-decoder-webm-vp8: 9c59270c3fd7afecdb556c50c9e8de78 -> 
  custom:audio-decoder-ogg-vorbis: bf7c407c2cedff20999df2af8eb42d56 -> 
========================================================================
Received Import Request.
  Time since last request: 206.091349 seconds.
  path: Assets/AssetStoreOriginals/_SNAPS_PrototypingAssets/SciFi_Industrial/Prefabs/Props/Meshes/Barrel_02_snaps002.asset
  artifactKey: Guid(ba20de77dbc022d499555bf5273512f0) Importer(815301076,1909f56bfc062723c751e8b465ee728b)
Start importing Assets/AssetStoreOriginals/_SNAPS_PrototypingAssets/SciFi_Industrial/Prefabs/Props/Meshes/Barrel_02_snaps002.asset using Guid(ba20de77dbc022d499555bf5273512f0) Importer(815301076,1909f56bfc062723c751e8b465ee728b)  -> (artifact id: '69a0fedaa2f3ddc52d58d414711ec8ac') in 0.145895 seconds 
========================================================================
Received Import Request.
  Time since last request: 0.045421 seconds.
  path: Assets/AssetStoreOriginals/_SNAPS_PrototypingAssets/SciFi_Industrial/Prefabs/Decor/Meshes/Bolton_M_01_snaps002.asset
  artifactKey: Guid(03cc1182a5812284ea0a02bb9943ca2a) Importer(815301076,1909f56bfc062723c751e8b465ee728b)
Start importing Assets/AssetStoreOriginals/_SNAPS_PrototypingAssets/SciFi_Industrial/Prefabs/Decor/Meshes/Bolton_M_01_snaps002.asset using Guid(03cc1182a5812284ea0a02bb9943ca2a) Importer(815301076,1909f56bfc062723c751e8b465ee728b)  -> (artifact id: 'c0074803efa614f7d7faae18e05cc301') in 0.013322 seconds 
========================================================================
Received Import Request.
  Time since last request: 0.000020 seconds.
  path: Assets/AssetStoreOriginals/_SNAPS_PrototypingAssets/SciFi_Industrial/Prefabs/Props/Meshes/Gen_Part_02_snaps002.asset
  artifactKey: Guid(798aa12212b6d9341962cff2c52cae69) Importer(815301076,1909f56bfc062723c751e8b465ee728b)
Start importing Assets/AssetStoreOriginals/_SNAPS_PrototypingAssets/SciFi_Industrial/Prefabs/Props/Meshes/Gen_Part_02_snaps002.asset using Guid(798aa12212b6d9341962cff2c52cae69) Importer(815301076,1909f56bfc062723c751e8b465ee728b)  -> (artifact id: '963c757c1eed1dbb4d8b48e2d7be20fe') in 0.013844 seconds 
========================================================================
Received Import Request.
  Time since last request: 0.000031 seconds.
  path: Assets/AssetStoreOriginals/_SNAPS_PrototypingAssets/SciFi_Industrial/Prefabs/Structure/Walls/Meshes/Deck_WallWindowFrame_01_snaps002.asset
  artifactKey: Guid(e72e2b536574b914c887421d4bdce853) Importer(815301076,1909f56bfc062723c751e8b465ee728b)
Start importing Assets/AssetStoreOriginals/_SNAPS_PrototypingAssets/SciFi_Industrial/Prefabs/Structure/Walls/Meshes/Deck_WallWindowFrame_01_snaps002.asset using Guid(e72e2b536574b914c887421d4bdce853) Importer(815301076,1909f56bfc062723c751e8b465ee728b)  -> (artifact id: 'ceda2acecd55fbd6dee63ae50db0db58') in 0.013145 seconds 
========================================================================
Received Import Request.
  Time since last request: 0.000019 seconds.
  path: Assets/AssetStoreOriginals/_SNAPS_PrototypingAssets/SciFi_Industrial/Prefabs/Props/Meshes/Crate_04_snaps002.asset
  artifactKey: Guid(9a39cc5689cb2fb4083473b6e66506dc) Importer(815301076,1909f56bfc062723c751e8b465ee728b)
Start importing Assets/AssetStoreOriginals/_SNAPS_PrototypingAssets/SciFi_Industrial/Prefabs/Props/Meshes/Crate_04_snaps002.asset using Guid(9a39cc5689cb2fb4083473b6e66506dc) Importer(815301076,1909f56bfc062723c751e8b465ee728b)  -> (artifact id: 'bd1544743779a9825314be70173289a6') in 0.020254 seconds 
========================================================================
Received Import Request.
  Time since last request: 0.000022 seconds.
  path: Assets/AssetStoreOriginals/_SNAPS_PrototypingAssets/SciFi_Industrial/Prefabs/Decor/Meshes/Conduit_M_01_snaps002.asset
  artifactKey: Guid(22c5cd492a78eac47891e39fe24728ea) Importer(815301076,1909f56bfc062723c751e8b465ee728b)
Start importing Assets/AssetStoreOriginals/_SNAPS_PrototypingAssets/SciFi_Industrial/Prefabs/Decor/Meshes/Conduit_M_01_snaps002.asset using Guid(22c5cd492a78eac47891e39fe24728ea) Importer(815301076,1909f56bfc062723c751e8b465ee728b)  -> (artifact id: '156cca4fd7bb8030898e8916abb8448f') in 0.016178 seconds 
========================================================================
Received Import Request.
  Time since last request: 0.000018 seconds.
  path: Assets/AssetStoreOriginals/_SNAPS_PrototypingAssets/SciFi_Industrial/Prefabs/Structure/Walls/Meshes/Hale_Wall_01_Corner_Collider.asset
  artifactKey: Guid(8a3539bb518f19444a272fedc388091d) Importer(815301076,1909f56bfc062723c751e8b465ee728b)
Start importing Assets/AssetStoreOriginals/_SNAPS_PrototypingAssets/SciFi_Industrial/Prefabs/Structure/Walls/Meshes/Hale_Wall_01_Corner_Collider.asset using Guid(8a3539bb518f19444a272fedc388091d) Importer(815301076,1909f56bfc062723c751e8b465ee728b)  -> (artifact id: '51650f53bb45c9a11d600b91372181b2') in 0.013012 seconds 
========================================================================
Received Import Request.
  Time since last request: 0.000021 seconds.
  path: Assets/AssetStoreOriginals/_SNAPS_PrototypingAssets/SciFi_Industrial/Prefabs/Structure/Walls/Meshes/Gen_Wall_Corner_Collider.asset
  artifactKey: Guid(423cfdc9cf1c7bd4598ac6ae2f42e776) Importer(815301076,1909f56bfc062723c751e8b465ee728b)
Start importing Assets/AssetStoreOriginals/_SNAPS_PrototypingAssets/SciFi_Industrial/Prefabs/Structure/Walls/Meshes/Gen_Wall_Corner_Collider.asset using Guid(423cfdc9cf1c7bd4598ac6ae2f42e776) Importer(815301076,1909f56bfc062723c751e8b465ee728b)  -> (artifact id: '0e25ace6a42724326f8edcd571514330') in 0.022916 seconds 
========================================================================
Received Import Request.
  Time since last request: 0.000023 seconds.
  path: Assets/AssetStoreOriginals/_SNAPS_PrototypingAssets/SciFi_Industrial/Prefabs/Structure/Floors_Ceilings/Meshes/Hale_Floor_01_snaps002.asset
  artifactKey: Guid(d04e6cb0ef6445f41be2b427cf471b15) Importer(815301076,1909f56bfc062723c751e8b465ee728b)
Start importing Assets/AssetStoreOriginals/_SNAPS_PrototypingAssets/SciFi_Industrial/Prefabs/Structure/Floors_Ceilings/Meshes/Hale_Floor_01_snaps002.asset using Guid(d04e6cb0ef6445f41be2b427cf471b15) Importer(815301076,1909f56bfc062723c751e8b465ee728b)  -> (artifact id: '68a166cc2d0e334cbd8ec4696ec92d29') in 0.028857 seconds 
========================================================================
Received Import Request.
  Time since last request: 0.000023 seconds.
  path: Assets/AssetStoreOriginals/_SNAPS_PrototypingAssets/SciFi_Industrial/Prefabs/Structure/Pillars_Supports/Meshes/Gale_Pillar_01_snaps002.asset
  artifactKey: Guid(05c87507d6ecb874dbf4c2f3ae2a70e4) Importer(815301076,1909f56bfc062723c751e8b465ee728b)
Start importing Assets/AssetStoreOriginals/_SNAPS_PrototypingAssets/SciFi_Industrial/Prefabs/Structure/Pillars_Supports/Meshes/Gale_Pillar_01_snaps002.asset using Guid(05c87507d6ecb874dbf4c2f3ae2a70e4) Importer(815301076,1909f56bfc062723c751e8b465ee728b)  -> (artifact id: 'e688837dc6eaaf845961801efd30940b') in 0.026916 seconds 
========================================================================
Received Import Request.
  Time since last request: 0.000029 seconds.
  path: Assets/AssetStoreOriginals/_SNAPS_PrototypingAssets/SciFi_Industrial/Prefabs/Props/Meshes/DClamp_03_snaps002.asset
  artifactKey: Guid(0a32e463fb38f1d4082441514331749e) Importer(815301076,1909f56bfc062723c751e8b465ee728b)
Start importing Assets/AssetStoreOriginals/_SNAPS_PrototypingAssets/SciFi_Industrial/Prefabs/Props/Meshes/DClamp_03_snaps002.asset using Guid(0a32e463fb38f1d4082441514331749e) Importer(815301076,1909f56bfc062723c751e8b465ee728b)  -> (artifact id: 'bcecb9d1e4922bb075d0675f8eafa5ff') in 0.021545 seconds 
========================================================================
Received Import Request.
  Time since last request: 0.000027 seconds.
  path: Assets/AssetStoreOriginals/_SNAPS_PrototypingAssets/SciFi_Industrial/Prefabs/Structure/Floors_Ceilings/Meshes/Deck_Ceiling_02_snaps002.asset
  artifactKey: Guid(e305c76c8b2e0a64281d790f5a5eca16) Importer(815301076,1909f56bfc062723c751e8b465ee728b)
Start importing Assets/AssetStoreOriginals/_SNAPS_PrototypingAssets/SciFi_Industrial/Prefabs/Structure/Floors_Ceilings/Meshes/Deck_Ceiling_02_snaps002.asset using Guid(e305c76c8b2e0a64281d790f5a5eca16) Importer(815301076,1909f56bfc062723c751e8b465ee728b)  -> (artifact id: '244bc7573271df9205c1193d7052edfb') in 0.023523 seconds 
========================================================================
Received Import Request.
  Time since last request: 0.000023 seconds.
  path: Assets/AssetStoreOriginals/_SNAPS_PrototypingAssets/SciFi_Industrial/Prefabs/Decor/Meshes/CapShock_M_02_snaps002.asset
  artifactKey: Guid(8b4b0255c1e911b429eb1c42810d37a7) Importer(815301076,1909f56bfc062723c751e8b465ee728b)
Start importing Assets/AssetStoreOriginals/_SNAPS_PrototypingAssets/SciFi_Industrial/Prefabs/Decor/Meshes/CapShock_M_02_snaps002.asset using Guid(8b4b0255c1e911b429eb1c42810d37a7) Importer(815301076,1909f56bfc062723c751e8b465ee728b)  -> (artifact id: '4c588ee5cc5f66b90a3a0751bdf4a924') in 0.027997 seconds 
========================================================================
Received Import Request.
  Time since last request: 0.000032 seconds.
  path: Assets/AssetStoreOriginals/_SNAPS_PrototypingAssets/SciFi_Industrial/Prefabs/Structure/Floors_Ceilings/Meshes/Deck_Floor_02_snaps002.asset
  artifactKey: Guid(a6bd046d29a124c4f9baaf1895533fcb) Importer(815301076,1909f56bfc062723c751e8b465ee728b)
Start importing Assets/AssetStoreOriginals/_SNAPS_PrototypingAssets/SciFi_Industrial/Prefabs/Structure/Floors_Ceilings/Meshes/Deck_Floor_02_snaps002.asset using Guid(a6bd046d29a124c4f9baaf1895533fcb) Importer(815301076,1909f56bfc062723c751e8b465ee728b)  -> (artifact id: '9bb6fc63de8742d1178ddae65fc2f9af') in 0.019710 seconds 
========================================================================
Received Import Request.
  Time since last request: 0.000019 seconds.
  path: Assets/AssetStoreOriginals/_SNAPS_PrototypingAssets/SciFi_Industrial/Prefabs/Structure/Walls/Meshes/Deck_Wall_Corner_Collider.asset
  artifactKey: Guid(53a88e6b8cd8d564fafb1797c2f2adb0) Importer(815301076,1909f56bfc062723c751e8b465ee728b)
Start importing Assets/AssetStoreOriginals/_SNAPS_PrototypingAssets/SciFi_Industrial/Prefabs/Structure/Walls/Meshes/Deck_Wall_Corner_Collider.asset using Guid(53a88e6b8cd8d564fafb1797c2f2adb0) Importer(815301076,1909f56bfc062723c751e8b465ee728b)  -> (artifact id: 'bb3d924cbba9b6eb87f2d420dc795703') in 0.013480 seconds 
========================================================================
Received Import Request.
  Time since last request: 0.000019 seconds.
  path: Assets/AssetStoreOriginals/_SNAPS_PrototypingAssets/SciFi_Industrial/Prefabs/Structure/Stairs_Ramps/Meshes/Gen_Ramp_01_Collider.asset
  artifactKey: Guid(c746dabd5459d944e88c695eb8268019) Importer(815301076,1909f56bfc062723c751e8b465ee728b)
Start importing Assets/AssetStoreOriginals/_SNAPS_PrototypingAssets/SciFi_Industrial/Prefabs/Structure/Stairs_Ramps/Meshes/Gen_Ramp_01_Collider.asset using Guid(c746dabd5459d944e88c695eb8268019) Importer(815301076,1909f56bfc062723c751e8b465ee728b)  -> (artifact id: 'f06a72f36d68659a64df396055378cb5') in 0.011730 seconds 
========================================================================
Received Import Request.
  Time since last request: 0.000034 seconds.
  path: Assets/AssetStoreOriginals/_SNAPS_PrototypingAssets/SciFi_Industrial/Prefabs/Decor/Meshes/CapShock_M_01_snaps002.asset
  artifactKey: Guid(ed15ab6bc06c9fd48a49238a8a581428) Importer(815301076,1909f56bfc062723c751e8b465ee728b)
Start importing Assets/AssetStoreOriginals/_SNAPS_PrototypingAssets/SciFi_Industrial/Prefabs/Decor/Meshes/CapShock_M_01_snaps002.asset using Guid(ed15ab6bc06c9fd48a49238a8a581428) Importer(815301076,1909f56bfc062723c751e8b465ee728b)  -> (artifact id: '521fc7d181e437f00a5871762df7da5d') in 0.011208 seconds 
========================================================================
Received Import Request.
  Time since last request: 0.000018 seconds.
  path: Assets/AssetStoreOriginals/_SNAPS_PrototypingAssets/SciFi_Industrial/Prefabs/Decor/Meshes/GrillEnd_snaps002.asset
  artifactKey: Guid(21a06152d1d2c5e44a8b99da89d31e15) Importer(815301076,1909f56bfc062723c751e8b465ee728b)
Start importing Assets/AssetStoreOriginals/_SNAPS_PrototypingAssets/SciFi_Industrial/Prefabs/Decor/Meshes/GrillEnd_snaps002.asset using Guid(21a06152d1d2c5e44a8b99da89d31e15) Importer(815301076,1909f56bfc062723c751e8b465ee728b)  -> (artifact id: '8157ba3ed973aef80b6966f300a484d5') in 0.012204 seconds 
========================================================================
Received Import Request.
  Time since last request: 0.000035 seconds.
  path: Assets/AssetStoreOriginals/_SNAPS_PrototypingAssets/SciFi_Industrial/Prefabs/Decor/Meshes/IntakeRod_02_snaps002.asset
  artifactKey: Guid(465634e2efb495a4eb9f88a9432e330f) Importer(815301076,1909f56bfc062723c751e8b465ee728b)
Start importing Assets/AssetStoreOriginals/_SNAPS_PrototypingAssets/SciFi_Industrial/Prefabs/Decor/Meshes/IntakeRod_02_snaps002.asset using Guid(465634e2efb495a4eb9f88a9432e330f) Importer(815301076,1909f56bfc062723c751e8b465ee728b)  -> (artifact id: 'a968e08cccd887d2947f03aa74e6e7f2') in 0.012330 seconds 
========================================================================
Received Import Request.
  Time since last request: 0.000022 seconds.
  path: Assets/AssetStoreOriginals/_SNAPS_PrototypingAssets/SciFi_Industrial/Prefabs/Decor/Meshes/FrameBoxBeveled_snaps002.asset
  artifactKey: Guid(a855bf3415c005d4988295dfaa615c96) Importer(815301076,1909f56bfc062723c751e8b465ee728b)
Start importing Assets/AssetStoreOriginals/_SNAPS_PrototypingAssets/SciFi_Industrial/Prefabs/Decor/Meshes/FrameBoxBeveled_snaps002.asset using Guid(a855bf3415c005d4988295dfaa615c96) Importer(815301076,1909f56bfc062723c751e8b465ee728b)  -> (artifact id: '627704beec615a11cff592b3d372fd90') in 0.013399 seconds 
========================================================================
Received Import Request.
  Time since last request: 0.000031 seconds.
  path: Assets/AssetStoreOriginals/_SNAPS_PrototypingAssets/SciFi_Industrial/Prefabs/Decor/Meshes/CrossBarBox_snaps002.asset
  artifactKey: Guid(1e622a92e22dece46be8bfa9fe712623) Importer(815301076,1909f56bfc062723c751e8b465ee728b)
Start importing Assets/AssetStoreOriginals/_SNAPS_PrototypingAssets/SciFi_Industrial/Prefabs/Decor/Meshes/CrossBarBox_snaps002.asset using Guid(1e622a92e22dece46be8bfa9fe712623) Importer(815301076,1909f56bfc062723c751e8b465ee728b)  -> (artifact id: 'e47e0e292bd6afc0dbc29c218f5967f2') in 0.014006 seconds 
========================================================================
Received Import Request.
  Time since last request: 0.000018 seconds.
  path: Assets/AssetStoreOriginals/_SNAPS_PrototypingAssets/SciFi_Industrial/Prefabs/Props/Meshes/LootBox_01_snaps002.asset
  artifactKey: Guid(7fb8d7f7d35c6a04d887b2942859aa56) Importer(815301076,1909f56bfc062723c751e8b465ee728b)
Start importing Assets/AssetStoreOriginals/_SNAPS_PrototypingAssets/SciFi_Industrial/Prefabs/Props/Meshes/LootBox_01_snaps002.asset using Guid(7fb8d7f7d35c6a04d887b2942859aa56) Importer(815301076,1909f56bfc062723c751e8b465ee728b)  -> (artifact id: '1eb13b07e07ed60499efdfee9742f010') in 0.012123 seconds 
========================================================================
Received Import Request.
  Time since last request: 0.000023 seconds.
  path: Assets/AssetStoreOriginals/_SNAPS_PrototypingAssets/SciFi_Industrial/Prefabs/Structure/Floors_Ceilings/Meshes/Gen_Ceiling_02_snaps002.asset
  artifactKey: Guid(abefcae93c34e904bb0da9174878a67b) Importer(815301076,1909f56bfc062723c751e8b465ee728b)
Start importing Assets/AssetStoreOriginals/_SNAPS_PrototypingAssets/SciFi_Industrial/Prefabs/Structure/Floors_Ceilings/Meshes/Gen_Ceiling_02_snaps002.asset using Guid(abefcae93c34e904bb0da9174878a67b) Importer(815301076,1909f56bfc062723c751e8b465ee728b)  -> (artifact id: '65520febb8bcb9da58a18bd68eae6dff') in 0.015217 seconds 
========================================================================
Received Import Request.
  Time since last request: 0.000020 seconds.
  path: Assets/AssetStoreOriginals/_SNAPS_PrototypingAssets/SciFi_Industrial/Prefabs/Props/Meshes/GuardRail_01_End_snaps002.asset
  artifactKey: Guid(54f69df5ac9613647a76ba6c28e76212) Importer(815301076,1909f56bfc062723c751e8b465ee728b)
Start importing Assets/AssetStoreOriginals/_SNAPS_PrototypingAssets/SciFi_Industrial/Prefabs/Props/Meshes/GuardRail_01_End_snaps002.asset using Guid(54f69df5ac9613647a76ba6c28e76212) Importer(815301076,1909f56bfc062723c751e8b465ee728b)  -> (artifact id: 'b4cad9503cc521c6d6dba2661ae235c3') in 0.021082 seconds 
========================================================================
Received Import Request.
  Time since last request: 0.000029 seconds.
  path: Assets/AssetStoreOriginals/_SNAPS_PrototypingAssets/SciFi_Industrial/Prefabs/Structure/Walls/Meshes/Deck_WallDoorFrame_02_Collider.asset
  artifactKey: Guid(c61b768b2d8fb704691ed565fa2e12a4) Importer(815301076,1909f56bfc062723c751e8b465ee728b)
Start importing Assets/AssetStoreOriginals/_SNAPS_PrototypingAssets/SciFi_Industrial/Prefabs/Structure/Walls/Meshes/Deck_WallDoorFrame_02_Collider.asset using Guid(c61b768b2d8fb704691ed565fa2e12a4) Importer(815301076,1909f56bfc062723c751e8b465ee728b)  -> (artifact id: '4d6df21525a4d626b5d48b636eebee05') in 0.014301 seconds 
========================================================================
Received Import Request.
  Time since last request: 0.000023 seconds.
  path: Assets/AssetStoreOriginals/_SNAPS_PrototypingAssets/SciFi_Industrial/Prefabs/Decor/Meshes/CabelCover_03_snaps002.asset
  artifactKey: Guid(23d3b6db9ee322a4fb18306b2879552f) Importer(815301076,1909f56bfc062723c751e8b465ee728b)
Start importing Assets/AssetStoreOriginals/_SNAPS_PrototypingAssets/SciFi_Industrial/Prefabs/Decor/Meshes/CabelCover_03_snaps002.asset using Guid(23d3b6db9ee322a4fb18306b2879552f) Importer(815301076,1909f56bfc062723c751e8b465ee728b)  -> (artifact id: 'adbab7e62d4d4a05cb75ea5e016ca18f') in 0.013192 seconds 
========================================================================
Received Import Request.
  Time since last request: 0.000023 seconds.
  path: Assets/AssetStoreOriginals/_SNAPS_PrototypingAssets/SciFi_Industrial/Prefabs/Structure/Walls/Meshes/Hale_Wall_02_Corner_snaps002.asset
  artifactKey: Guid(cd0c7bd1be6b0234fac5ff035d165d3a) Importer(815301076,1909f56bfc062723c751e8b465ee728b)
Start importing Assets/AssetStoreOriginals/_SNAPS_PrototypingAssets/SciFi_Industrial/Prefabs/Structure/Walls/Meshes/Hale_Wall_02_Corner_snaps002.asset using Guid(cd0c7bd1be6b0234fac5ff035d165d3a) Importer(815301076,1909f56bfc062723c751e8b465ee728b)  -> (artifact id: 'd3c4811876b1399db1d5197dbe64c845') in 0.011779 seconds 
========================================================================
Received Import Request.
  Time since last request: 0.000017 seconds.
  path: Assets/AssetStoreOriginals/_SNAPS_PrototypingAssets/SciFi_Industrial/Prefabs/Structure/Walls/Meshes/Gale_Wall_01_Corner_snaps002.asset
  artifactKey: Guid(b6db7aef229d6aa42996de1a73a5c17a) Importer(815301076,1909f56bfc062723c751e8b465ee728b)
Start importing Assets/AssetStoreOriginals/_SNAPS_PrototypingAssets/SciFi_Industrial/Prefabs/Structure/Walls/Meshes/Gale_Wall_01_Corner_snaps002.asset using Guid(b6db7aef229d6aa42996de1a73a5c17a) Importer(815301076,1909f56bfc062723c751e8b465ee728b)  -> (artifact id: '0e043cbe2be6defb0b24d065a97efa69') in 0.011931 seconds 
========================================================================
Received Import Request.
  Time since last request: 0.000020 seconds.
  path: Assets/AssetStoreOriginals/_SNAPS_PrototypingAssets/SciFi_Industrial/Prefabs/Props/Meshes/Generator_01_snaps002.asset
  artifactKey: Guid(f49c8e46d30c6b646a050f38fce2da10) Importer(815301076,1909f56bfc062723c751e8b465ee728b)
Start importing Assets/AssetStoreOriginals/_SNAPS_PrototypingAssets/SciFi_Industrial/Prefabs/Props/Meshes/Generator_01_snaps002.asset using Guid(f49c8e46d30c6b646a050f38fce2da10) Importer(815301076,1909f56bfc062723c751e8b465ee728b)  -> (artifact id: 'a88a2f91b8b7366f99785760cebe9c50') in 0.012196 seconds 
========================================================================
Received Import Request.
  Time since last request: 0.000019 seconds.
  path: Assets/AssetStoreOriginals/_SNAPS_PrototypingAssets/SciFi_Industrial/Prefabs/Props/Meshes/Barrel_04_snaps002.asset
  artifactKey: Guid(7bf0a551c4d625f4fbba99617e44c169) Importer(815301076,1909f56bfc062723c751e8b465ee728b)
Start importing Assets/AssetStoreOriginals/_SNAPS_PrototypingAssets/SciFi_Industrial/Prefabs/Props/Meshes/Barrel_04_snaps002.asset using Guid(7bf0a551c4d625f4fbba99617e44c169) Importer(815301076,1909f56bfc062723c751e8b465ee728b)  -> (artifact id: '616b1682ba0ff0fe0c3e0eb2e0cd1eaa') in 0.011250 seconds 
========================================================================
Received Import Request.
  Time since last request: 0.000018 seconds.
  path: Assets/AssetStoreOriginals/_SNAPS_PrototypingAssets/SciFi_Industrial/Prefabs/Props/Meshes/Gen_Part_04_snaps002.asset
  artifactKey: Guid(fa8ec0a303013e64caae0f25dbf3f4c8) Importer(815301076,1909f56bfc062723c751e8b465ee728b)
Start importing Assets/AssetStoreOriginals/_SNAPS_PrototypingAssets/SciFi_Industrial/Prefabs/Props/Meshes/Gen_Part_04_snaps002.asset using Guid(fa8ec0a303013e64caae0f25dbf3f4c8) Importer(815301076,1909f56bfc062723c751e8b465ee728b)  -> (artifact id: 'a1b3ffadccfa063364be81a49a38c4f4') in 0.013674 seconds 
========================================================================
Received Import Request.
  Time since last request: 0.000029 seconds.
  path: Assets/AssetStoreOriginals/_SNAPS_PrototypingAssets/SciFi_Industrial/Prefabs/Decor/Meshes/CabelCover_02_snaps002.asset
  artifactKey: Guid(a5da1ff365539c74cb61e9cf895e1438) Importer(815301076,1909f56bfc062723c751e8b465ee728b)
Start importing Assets/AssetStoreOriginals/_SNAPS_PrototypingAssets/SciFi_Industrial/Prefabs/Decor/Meshes/CabelCover_02_snaps002.asset using Guid(a5da1ff365539c74cb61e9cf895e1438) Importer(815301076,1909f56bfc062723c751e8b465ee728b)  -> (artifact id: '3d05afa936dafbbcf8e3db908f30a102') in 0.018255 seconds 
========================================================================
Received Import Request.
  Time since last request: 0.000033 seconds.
  path: Assets/AssetStoreOriginals/_SNAPS_PrototypingAssets/SciFi_Industrial/Prefabs/Structure/Walls/Meshes/Deck_WallWindow_02_snaps002.asset
  artifactKey: Guid(29b7e37a02d8f4d449fe5193f1405ddf) Importer(815301076,1909f56bfc062723c751e8b465ee728b)
Start importing Assets/AssetStoreOriginals/_SNAPS_PrototypingAssets/SciFi_Industrial/Prefabs/Structure/Walls/Meshes/Deck_WallWindow_02_snaps002.asset using Guid(29b7e37a02d8f4d449fe5193f1405ddf) Importer(815301076,1909f56bfc062723c751e8b465ee728b)  -> (artifact id: '9040c253183a46427a64bb0110bb61a2') in 0.014544 seconds 
========================================================================
Received Import Request.
  Time since last request: 0.000018 seconds.
  path: Assets/AssetStoreOriginals/_SNAPS_PrototypingAssets/SciFi_Industrial/Prefabs/Decor/Meshes/Crossbar_01_snaps002.asset
  artifactKey: Guid(92d5d5b73803dc94f90434caff25a5e1) Importer(815301076,1909f56bfc062723c751e8b465ee728b)
Start importing Assets/AssetStoreOriginals/_SNAPS_PrototypingAssets/SciFi_Industrial/Prefabs/Decor/Meshes/Crossbar_01_snaps002.asset using Guid(92d5d5b73803dc94f90434caff25a5e1) Importer(815301076,1909f56bfc062723c751e8b465ee728b)  -> (artifact id: 'cb134ed0cb4c3a849be8c94d88a0ecd6') in 0.011261 seconds 
========================================================================
Received Import Request.
  Time since last request: 0.000017 seconds.
  path: Assets/AssetStoreOriginals/_SNAPS_PrototypingAssets/SciFi_Industrial/Prefabs/Structure/Stairs_Ramps/Meshes/Deck_Stairs_01_snaps002.asset
  artifactKey: Guid(901ca126ece8194488f0f3ca8b386fa4) Importer(815301076,1909f56bfc062723c751e8b465ee728b)
Start importing Assets/AssetStoreOriginals/_SNAPS_PrototypingAssets/SciFi_Industrial/Prefabs/Structure/Stairs_Ramps/Meshes/Deck_Stairs_01_snaps002.asset using Guid(901ca126ece8194488f0f3ca8b386fa4) Importer(815301076,1909f56bfc062723c751e8b465ee728b)  -> (artifact id: 'cd073e1b641fcc3eb0f7b1b90f5be857') in 0.012580 seconds 
========================================================================
Received Import Request.
  Time since last request: 0.000018 seconds.
  path: Assets/AssetStoreOriginals/_SNAPS_PrototypingAssets/SciFi_Industrial/Prefabs/Structure/Pillars_Supports/Meshes/Gale_Pillar_02_snaps002.asset
  artifactKey: Guid(7990e5b89a164e2488e8e1fc49b8eb7f) Importer(815301076,1909f56bfc062723c751e8b465ee728b)
Start importing Assets/AssetStoreOriginals/_SNAPS_PrototypingAssets/SciFi_Industrial/Prefabs/Structure/Pillars_Supports/Meshes/Gale_Pillar_02_snaps002.asset using Guid(7990e5b89a164e2488e8e1fc49b8eb7f) Importer(815301076,1909f56bfc062723c751e8b465ee728b)  -> (artifact id: '705b9ac9366067d761b37339b5b3cdf2') in 0.013176 seconds 
========================================================================
Received Import Request.
  Time since last request: 0.000028 seconds.
  path: Assets/AssetStoreOriginals/_SNAPS_PrototypingAssets/SciFi_Industrial/Prefabs/Structure/Walls/Meshes/Hale_Wall_01_Corner_snaps002.asset
  artifactKey: Guid(98cb75f592c120a418554681a9667ba6) Importer(815301076,1909f56bfc062723c751e8b465ee728b)
Start importing Assets/AssetStoreOriginals/_SNAPS_PrototypingAssets/SciFi_Industrial/Prefabs/Structure/Walls/Meshes/Hale_Wall_01_Corner_snaps002.asset using Guid(98cb75f592c120a418554681a9667ba6) Importer(815301076,1909f56bfc062723c751e8b465ee728b)  -> (artifact id: '5288c8ec4dc8af954e969899a2685341') in 0.011256 seconds 
========================================================================
Received Import Request.
  Time since last request: 0.000019 seconds.
  path: Assets/AssetStoreOriginals/_SNAPS_PrototypingAssets/SciFi_Industrial/Prefabs/Decor/Meshes/GreeblePanel_01_snaps002.asset
  artifactKey: Guid(b18556cded6bf1e4f93bc9b8e055ed97) Importer(815301076,1909f56bfc062723c751e8b465ee728b)
Start importing Assets/AssetStoreOriginals/_SNAPS_PrototypingAssets/SciFi_Industrial/Prefabs/Decor/Meshes/GreeblePanel_01_snaps002.asset using Guid(b18556cded6bf1e4f93bc9b8e055ed97) Importer(815301076,1909f56bfc062723c751e8b465ee728b)  -> (artifact id: '9d51d058813138b31536cc5d7521ec73') in 0.012604 seconds 
========================================================================
Received Import Request.
  Time since last request: 0.000018 seconds.
  path: Assets/AssetStoreOriginals/_SNAPS_PrototypingAssets/SciFi_Industrial/Prefabs/Props/Meshes/Console_01_snaps002.asset
  artifactKey: Guid(7b79fe2053abba84e856ee9f253da0b5) Importer(815301076,1909f56bfc062723c751e8b465ee728b)
Start importing Assets/AssetStoreOriginals/_SNAPS_PrototypingAssets/SciFi_Industrial/Prefabs/Props/Meshes/Console_01_snaps002.asset using Guid(7b79fe2053abba84e856ee9f253da0b5) Importer(815301076,1909f56bfc062723c751e8b465ee728b)  -> (artifact id: '3619a88984cfeb4335e5a94c1bdf2e2f') in 0.011967 seconds 
========================================================================
Received Import Request.
  Time since last request: 0.000034 seconds.
  path: Assets/AssetStoreOriginals/_SNAPS_PrototypingAssets/SciFi_Industrial/Prefabs/Decor/Meshes/CapShock_M_03_snaps002.asset
  artifactKey: Guid(1f1d4a08682aabf40811760fd8ddc02f) Importer(815301076,1909f56bfc062723c751e8b465ee728b)
Start importing Assets/AssetStoreOriginals/_SNAPS_PrototypingAssets/SciFi_Industrial/Prefabs/Decor/Meshes/CapShock_M_03_snaps002.asset using Guid(1f1d4a08682aabf40811760fd8ddc02f) Importer(815301076,1909f56bfc062723c751e8b465ee728b)  -> (artifact id: 'f8d3211431cd42f2cd2e11f6f3824f3d') in 0.011722 seconds 
========================================================================
Received Import Request.
  Time since last request: 0.000019 seconds.
  path: Assets/AssetStoreOriginals/_SNAPS_PrototypingAssets/SciFi_Industrial/Prefabs/Structure/Walls/Meshes/Deck_Wall_Joint_01_Collider.asset
  artifactKey: Guid(7a12c86077bf4f746bbc4ab0ed530392) Importer(815301076,1909f56bfc062723c751e8b465ee728b)
Start importing Assets/AssetStoreOriginals/_SNAPS_PrototypingAssets/SciFi_Industrial/Prefabs/Structure/Walls/Meshes/Deck_Wall_Joint_01_Collider.asset using Guid(7a12c86077bf4f746bbc4ab0ed530392) Importer(815301076,1909f56bfc062723c751e8b465ee728b)  -> (artifact id: '3b4b034dc734fab1c14a1695d0473b81') in 0.012669 seconds 
========================================================================
Received Import Request.
  Time since last request: 0.000025 seconds.
  path: Assets/AssetStoreOriginals/_SNAPS_PrototypingAssets/SciFi_Industrial/Prefabs/Structure/Walls/Meshes/Gale_Wall_01_Corner_Collider.asset
  artifactKey: Guid(f8bfc9b045cbcea409c049c7e344cb77) Importer(815301076,1909f56bfc062723c751e8b465ee728b)
Start importing Assets/AssetStoreOriginals/_SNAPS_PrototypingAssets/SciFi_Industrial/Prefabs/Structure/Walls/Meshes/Gale_Wall_01_Corner_Collider.asset using Guid(f8bfc9b045cbcea409c049c7e344cb77) Importer(815301076,1909f56bfc062723c751e8b465ee728b)  -> (artifact id: '9b463ecb6dd4f387f361ebab6be02fc9') in 0.011251 seconds 
========================================================================
Received Import Request.
  Time since last request: 0.000027 seconds.
  path: Assets/AssetStoreOriginals/_SNAPS_PrototypingAssets/SciFi_Industrial/Prefabs/Decor/Meshes/GreeblePanelBeveled_01_snaps002.asset
  artifactKey: Guid(1a05e5529a27347419e16f2c1c7d197a) Importer(815301076,1909f56bfc062723c751e8b465ee728b)
Start importing Assets/AssetStoreOriginals/_SNAPS_PrototypingAssets/SciFi_Industrial/Prefabs/Decor/Meshes/GreeblePanelBeveled_01_snaps002.asset using Guid(1a05e5529a27347419e16f2c1c7d197a) Importer(815301076,1909f56bfc062723c751e8b465ee728b)  -> (artifact id: '69c7539943356a74d622561ee4b09e20') in 0.013856 seconds 
========================================================================
Received Import Request.
  Time since last request: 0.000018 seconds.
  path: Assets/AssetStoreOriginals/_SNAPS_PrototypingAssets/SciFi_Industrial/Prefabs/Props/Meshes/Gen_Part_03_snaps002.asset
  artifactKey: Guid(c0084b4bf084208408e8ba2db59daaa7) Importer(815301076,1909f56bfc062723c751e8b465ee728b)
Start importing Assets/AssetStoreOriginals/_SNAPS_PrototypingAssets/SciFi_Industrial/Prefabs/Props/Meshes/Gen_Part_03_snaps002.asset using Guid(c0084b4bf084208408e8ba2db59daaa7) Importer(815301076,1909f56bfc062723c751e8b465ee728b)  -> (artifact id: 'd35ba78e919f888d1c99169bb215386b') in 0.012332 seconds 
========================================================================
Received Import Request.
  Time since last request: 0.000038 seconds.
  path: Assets/AssetStoreOriginals/_SNAPS_PrototypingAssets/SciFi_Industrial/Prefabs/Props/Meshes/Gen_Part_01_snaps002.asset
  artifactKey: Guid(0634c8518cbdc384c8291c2d50872e54) Importer(815301076,1909f56bfc062723c751e8b465ee728b)
Start importing Assets/AssetStoreOriginals/_SNAPS_PrototypingAssets/SciFi_Industrial/Prefabs/Props/Meshes/Gen_Part_01_snaps002.asset using Guid(0634c8518cbdc384c8291c2d50872e54) Importer(815301076,1909f56bfc062723c751e8b465ee728b)  -> (artifact id: '97d1433db3ee0c838bd559ec68614ed8') in 0.012649 seconds 
========================================================================
Received Import Request.
  Time since last request: 0.000037 seconds.
  path: Assets/AssetStoreOriginals/_SNAPS_PrototypingAssets/SciFi_Industrial/Prefabs/Structure/Walls/Meshes/Hale_Wall_01_snaps002.asset
  artifactKey: Guid(be0f348fdc92098488c921e49d4d84c1) Importer(815301076,1909f56bfc062723c751e8b465ee728b)
Start importing Assets/AssetStoreOriginals/_SNAPS_PrototypingAssets/SciFi_Industrial/Prefabs/Structure/Walls/Meshes/Hale_Wall_01_snaps002.asset using Guid(be0f348fdc92098488c921e49d4d84c1) Importer(815301076,1909f56bfc062723c751e8b465ee728b)  -> (artifact id: 'ac8239def54bf6bba42fde641de1169d') in 0.012551 seconds 
========================================================================
Received Import Request.
  Time since last request: 0.000027 seconds.
  path: Assets/AssetStoreOriginals/_SNAPS_PrototypingAssets/SciFi_Industrial/Prefabs/Decor/Meshes/Bolton_S_01_snaps002.asset
  artifactKey: Guid(24b3faef682ff5641998f8e7bda74ece) Importer(815301076,1909f56bfc062723c751e8b465ee728b)
Start importing Assets/AssetStoreOriginals/_SNAPS_PrototypingAssets/SciFi_Industrial/Prefabs/Decor/Meshes/Bolton_S_01_snaps002.asset using Guid(24b3faef682ff5641998f8e7bda74ece) Importer(815301076,1909f56bfc062723c751e8b465ee728b)  -> (artifact id: '49a9a37d07515aa9808245454a5d796f') in 0.011951 seconds 
========================================================================
Received Import Request.
  Time since last request: 0.000023 seconds.
  path: Assets/AssetStoreOriginals/_SNAPS_PrototypingAssets/SciFi_Industrial/Prefabs/Decor/Meshes/Frame_01_BevelThick_snaps002.asset
  artifactKey: Guid(c896aed8f0ce6b5458c9e5ace2b9825c) Importer(815301076,1909f56bfc062723c751e8b465ee728b)
Start importing Assets/AssetStoreOriginals/_SNAPS_PrototypingAssets/SciFi_Industrial/Prefabs/Decor/Meshes/Frame_01_BevelThick_snaps002.asset using Guid(c896aed8f0ce6b5458c9e5ace2b9825c) Importer(815301076,1909f56bfc062723c751e8b465ee728b)  -> (artifact id: '8327538c2d33da26d9a2517b15963ef4') in 0.010981 seconds 
========================================================================
Received Import Request.
  Time since last request: 0.000020 seconds.
  path: Assets/AssetStoreOriginals/_SNAPS_PrototypingAssets/SciFi_Industrial/Prefabs/Decor/Meshes/CabelCover_04_snaps002.asset
  artifactKey: Guid(111471a38ab42d041b97a6ff2855caee) Importer(815301076,1909f56bfc062723c751e8b465ee728b)
Start importing Assets/AssetStoreOriginals/_SNAPS_PrototypingAssets/SciFi_Industrial/Prefabs/Decor/Meshes/CabelCover_04_snaps002.asset using Guid(111471a38ab42d041b97a6ff2855caee) Importer(815301076,1909f56bfc062723c751e8b465ee728b)  -> (artifact id: '4fcacea7a30521dc9f204b31d637fa74') in 0.010793 seconds 
========================================================================
Received Import Request.
  Time since last request: 0.000027 seconds.
  path: Assets/AssetStoreOriginals/_SNAPS_PrototypingAssets/SciFi_Industrial/Prefabs/Structure/Walls/Meshes/Gen_Wall_Joint_Collider.asset
  artifactKey: Guid(95107f768bae22642a7503989283e1a1) Importer(815301076,1909f56bfc062723c751e8b465ee728b)
Start importing Assets/AssetStoreOriginals/_SNAPS_PrototypingAssets/SciFi_Industrial/Prefabs/Structure/Walls/Meshes/Gen_Wall_Joint_Collider.asset using Guid(95107f768bae22642a7503989283e1a1) Importer(815301076,1909f56bfc062723c751e8b465ee728b)  -> (artifact id: 'd75bec90802188a59e4e2aeb8384b74d') in 0.010711 seconds 
========================================================================
Received Import Request.
  Time since last request: 0.000023 seconds.
  path: Assets/AssetStoreOriginals/_SNAPS_PrototypingAssets/SciFi_Industrial/Prefabs/Structure/Floors_Ceilings/Meshes/Gen_Ceiling_01_snaps002.asset
  artifactKey: Guid(8c9c3bcbfbb21c44e9d07763901aae1f) Importer(815301076,1909f56bfc062723c751e8b465ee728b)
Start importing Assets/AssetStoreOriginals/_SNAPS_PrototypingAssets/SciFi_Industrial/Prefabs/Structure/Floors_Ceilings/Meshes/Gen_Ceiling_01_snaps002.asset using Guid(8c9c3bcbfbb21c44e9d07763901aae1f) Importer(815301076,1909f56bfc062723c751e8b465ee728b)  -> (artifact id: '9e05449ba15d2cd55526df7908e9505e') in 0.011421 seconds 
========================================================================
Received Import Request.
  Time since last request: 0.000020 seconds.
  path: Assets/AssetStoreOriginals/_SNAPS_PrototypingAssets/SciFi_Industrial/Prefabs/Decor/Meshes/GrillMid_snaps002.asset
  artifactKey: Guid(51bebd37c68adcb46b3dc315b6e7d02a) Importer(815301076,1909f56bfc062723c751e8b465ee728b)
Start importing Assets/AssetStoreOriginals/_SNAPS_PrototypingAssets/SciFi_Industrial/Prefabs/Decor/Meshes/GrillMid_snaps002.asset using Guid(51bebd37c68adcb46b3dc315b6e7d02a) Importer(815301076,1909f56bfc062723c751e8b465ee728b)  -> (artifact id: '19c88a4f434e67e871cec0d7e8a84a6e') in 0.011320 seconds 
========================================================================
Received Import Request.
  Time since last request: 0.000018 seconds.
  path: Assets/AssetStoreOriginals/_SNAPS_PrototypingAssets/SciFi_Industrial/Prefabs/Props/Meshes/GuardRail_02_End_snaps002.asset
  artifactKey: Guid(de9866e1911fdbc42b017186ab3e252d) Importer(815301076,1909f56bfc062723c751e8b465ee728b)
Start importing Assets/AssetStoreOriginals/_SNAPS_PrototypingAssets/SciFi_Industrial/Prefabs/Props/Meshes/GuardRail_02_End_snaps002.asset using Guid(de9866e1911fdbc42b017186ab3e252d) Importer(815301076,1909f56bfc062723c751e8b465ee728b)  -> (artifact id: 'eaefe01f6d25a3f2914ba17358e5cb04') in 0.010744 seconds 
========================================================================
Received Import Request.
  Time since last request: 0.000022 seconds.
  path: Assets/AssetStoreOriginals/_SNAPS_PrototypingAssets/SciFi_Industrial/Prefabs/Props/Meshes/Gen_Part_05_snaps002.asset
  artifactKey: Guid(8b08dfd32047fee40a22f17588dce77a) Importer(815301076,1909f56bfc062723c751e8b465ee728b)
Start importing Assets/AssetStoreOriginals/_SNAPS_PrototypingAssets/SciFi_Industrial/Prefabs/Props/Meshes/Gen_Part_05_snaps002.asset using Guid(8b08dfd32047fee40a22f17588dce77a) Importer(815301076,1909f56bfc062723c751e8b465ee728b)  -> (artifact id: '43a203fb5760ac1886d18ef485bbb961') in 0.013203 seconds 
========================================================================
Received Import Request.
  Time since last request: 0.000020 seconds.
  path: Assets/AssetStoreOriginals/_SNAPS_PrototypingAssets/SciFi_Industrial/Prefabs/Decor/Meshes/IntakeRod_01_snaps002.asset
  artifactKey: Guid(05dfc90315fc89444aa79c19af50198f) Importer(815301076,1909f56bfc062723c751e8b465ee728b)
Start importing Assets/AssetStoreOriginals/_SNAPS_PrototypingAssets/SciFi_Industrial/Prefabs/Decor/Meshes/IntakeRod_01_snaps002.asset using Guid(05dfc90315fc89444aa79c19af50198f) Importer(815301076,1909f56bfc062723c751e8b465ee728b)  -> (artifact id: '081eb5b7aad96c4cd44bb10d37df3531') in 0.011542 seconds 
========================================================================
Received Import Request.
  Time since last request: 0.000020 seconds.
  path: Assets/AssetStoreOriginals/_SNAPS_PrototypingAssets/SciFi_Industrial/Prefabs/Structure/Walls/Meshes/Gen_Wall_DoorFrame_01_snaps002.asset
  artifactKey: Guid(cd5bd82f6b9e90148a9f3f6065a7d43f) Importer(815301076,1909f56bfc062723c751e8b465ee728b)
Start importing Assets/AssetStoreOriginals/_SNAPS_PrototypingAssets/SciFi_Industrial/Prefabs/Structure/Walls/Meshes/Gen_Wall_DoorFrame_01_snaps002.asset using Guid(cd5bd82f6b9e90148a9f3f6065a7d43f) Importer(815301076,1909f56bfc062723c751e8b465ee728b)  -> (artifact id: '783e15b731ab04ada2e1211261388dfd') in 0.012514 seconds 
========================================================================
Received Import Request.
  Time since last request: 0.000032 seconds.
  path: Assets/AssetStoreOriginals/_SNAPS_PrototypingAssets/SciFi_Industrial/Prefabs/Props/Meshes/D-Shell_01_snaps002.asset
  artifactKey: Guid(4e7c8a6f5872dcc4a9885e091a72b8f2) Importer(815301076,1909f56bfc062723c751e8b465ee728b)
Start importing Assets/AssetStoreOriginals/_SNAPS_PrototypingAssets/SciFi_Industrial/Prefabs/Props/Meshes/D-Shell_01_snaps002.asset using Guid(4e7c8a6f5872dcc4a9885e091a72b8f2) Importer(815301076,1909f56bfc062723c751e8b465ee728b)  -> (artifact id: '7200ae8d0c71414975b1dbeb6581240d') in 0.012519 seconds 
========================================================================
Received Import Request.
  Time since last request: 0.000021 seconds.
  path: Assets/AssetStoreOriginals/_SNAPS_PrototypingAssets/SciFi_Industrial/Prefabs/Structure/Floors_Ceilings/Meshes/Deck_Floor_01_snaps002.asset
  artifactKey: Guid(22fbef0d7fd38cc47a2248bf696abde7) Importer(815301076,1909f56bfc062723c751e8b465ee728b)
Start importing Assets/AssetStoreOriginals/_SNAPS_PrototypingAssets/SciFi_Industrial/Prefabs/Structure/Floors_Ceilings/Meshes/Deck_Floor_01_snaps002.asset using Guid(22fbef0d7fd38cc47a2248bf696abde7) Importer(815301076,1909f56bfc062723c751e8b465ee728b)  -> (artifact id: '549b1ce8d8f98d08f8e9194983f8083a') in 0.013360 seconds 
========================================================================
Received Import Request.
  Time since last request: 0.000030 seconds.
  path: Assets/AssetStoreOriginals/_SNAPS_PrototypingAssets/SciFi_Industrial/Prefabs/Props/Meshes/DClamp_02_snaps002.asset
  artifactKey: Guid(c0f10c05c8d720b49818cbd60e25a436) Importer(815301076,1909f56bfc062723c751e8b465ee728b)
Start importing Assets/AssetStoreOriginals/_SNAPS_PrototypingAssets/SciFi_Industrial/Prefabs/Props/Meshes/DClamp_02_snaps002.asset using Guid(c0f10c05c8d720b49818cbd60e25a436) Importer(815301076,1909f56bfc062723c751e8b465ee728b)  -> (artifact id: 'fda0940f65624164f78123d6aa24053c') in 0.012569 seconds 
========================================================================
Received Import Request.
  Time since last request: 0.000023 seconds.
  path: Assets/AssetStoreOriginals/_SNAPS_PrototypingAssets/SciFi_Industrial/Prefabs/Structure/Pillars_Supports/Meshes/Hale_Wall_Support_01_snaps002.asset
  artifactKey: Guid(631aa016600bdb94c864f2ad90417477) Importer(815301076,1909f56bfc062723c751e8b465ee728b)
Start importing Assets/AssetStoreOriginals/_SNAPS_PrototypingAssets/SciFi_Industrial/Prefabs/Structure/Pillars_Supports/Meshes/Hale_Wall_Support_01_snaps002.asset using Guid(631aa016600bdb94c864f2ad90417477) Importer(815301076,1909f56bfc062723c751e8b465ee728b)  -> (artifact id: 'd72e2e7463a8ba15e198215a582c56bb') in 0.010281 seconds 
========================================================================
Received Import Request.
  Time since last request: 0.000017 seconds.
  path: Assets/AssetStoreOriginals/_SNAPS_PrototypingAssets/SciFi_Industrial/Prefabs/Structure/Walls/Meshes/Hale_Wall_02_snaps002.asset
  artifactKey: Guid(0f0f47a5be1f18a49a1b7279b3bce940) Importer(815301076,1909f56bfc062723c751e8b465ee728b)
Start importing Assets/AssetStoreOriginals/_SNAPS_PrototypingAssets/SciFi_Industrial/Prefabs/Structure/Walls/Meshes/Hale_Wall_02_snaps002.asset using Guid(0f0f47a5be1f18a49a1b7279b3bce940) Importer(815301076,1909f56bfc062723c751e8b465ee728b)  -> (artifact id: '09dd6ef3a1ba3bd7eadb23643744f026') in 0.011938 seconds 
========================================================================
Received Import Request.
  Time since last request: 0.000020 seconds.
  path: Assets/AssetStoreOriginals/_SNAPS_PrototypingAssets/SciFi_Industrial/Prefabs/Structure/Walls/Meshes/Hale_Wall_02_Corner_Collider.asset
  artifactKey: Guid(d7a1ba4de3e713d459bbcd37423a3db4) Importer(815301076,1909f56bfc062723c751e8b465ee728b)
Start importing Assets/AssetStoreOriginals/_SNAPS_PrototypingAssets/SciFi_Industrial/Prefabs/Structure/Walls/Meshes/Hale_Wall_02_Corner_Collider.asset using Guid(d7a1ba4de3e713d459bbcd37423a3db4) Importer(815301076,1909f56bfc062723c751e8b465ee728b)  -> (artifact id: '7168147b4a9aad44b973828089886fe7') in 0.012559 seconds 
========================================================================
Received Import Request.
  Time since last request: 0.000024 seconds.
  path: Assets/AssetStoreOriginals/_SNAPS_PrototypingAssets/SciFi_Industrial/Prefabs/Structure/Floors_Ceilings/Meshes/Gen_Floor_03_snaps002.asset
  artifactKey: Guid(0a4612e66a5036042aff416d5aef295c) Importer(815301076,1909f56bfc062723c751e8b465ee728b)
Start importing Assets/AssetStoreOriginals/_SNAPS_PrototypingAssets/SciFi_Industrial/Prefabs/Structure/Floors_Ceilings/Meshes/Gen_Floor_03_snaps002.asset using Guid(0a4612e66a5036042aff416d5aef295c) Importer(815301076,1909f56bfc062723c751e8b465ee728b)  -> (artifact id: 'a71464cedb44bb140788e5e62f1b6fb5') in 0.011683 seconds 
========================================================================
Received Import Request.
  Time since last request: 0.000018 seconds.
  path: Assets/AssetStoreOriginals/_SNAPS_PrototypingAssets/SciFi_Industrial/Prefabs/Structure/Stairs_Ramps/Meshes/Gen_Stairs_01_Collider.asset
  artifactKey: Guid(368191d51b35ac54e9f44c1ca97c57a0) Importer(815301076,1909f56bfc062723c751e8b465ee728b)
Start importing Assets/AssetStoreOriginals/_SNAPS_PrototypingAssets/SciFi_Industrial/Prefabs/Structure/Stairs_Ramps/Meshes/Gen_Stairs_01_Collider.asset using Guid(368191d51b35ac54e9f44c1ca97c57a0) Importer(815301076,1909f56bfc062723c751e8b465ee728b)  -> (artifact id: 'e0131ccb676aafe1cf930a5fa591940c') in 0.013195 seconds 
========================================================================
Received Import Request.
  Time since last request: 0.000025 seconds.
  path: Assets/AssetStoreOriginals/_SNAPS_PrototypingAssets/SciFi_Industrial/Prefabs/Structure/Walls/Meshes/Deck_WallDoorFrame_02_snaps002.asset
  artifactKey: Guid(b74bb954a9e738440939e3f20e76b82f) Importer(815301076,1909f56bfc062723c751e8b465ee728b)
Start importing Assets/AssetStoreOriginals/_SNAPS_PrototypingAssets/SciFi_Industrial/Prefabs/Structure/Walls/Meshes/Deck_WallDoorFrame_02_snaps002.asset using Guid(b74bb954a9e738440939e3f20e76b82f) Importer(815301076,1909f56bfc062723c751e8b465ee728b)  -> (artifact id: '22ee44416c9e254a131dcbe21bb68c56') in 0.013068 seconds 
========================================================================
Received Import Request.
  Time since last request: 0.929446 seconds.
  path: Assets/AssetStoreOriginals/_SNAPS_PrototypingAssets/SciFi_Industrial/Prefabs/Decor/Meshes/PistonClamp_02_snaps002.asset
  artifactKey: Guid(3b003784117e2914e826828b52c20bd6) Importer(815301076,1909f56bfc062723c751e8b465ee728b)
Start importing Assets/AssetStoreOriginals/_SNAPS_PrototypingAssets/SciFi_Industrial/Prefabs/Decor/Meshes/PistonClamp_02_snaps002.asset using Guid(3b003784117e2914e826828b52c20bd6) Importer(815301076,1909f56bfc062723c751e8b465ee728b)  -> (artifact id: '04264474ded64cbd13511f7cda4bdba0') in 0.012741 seconds 
========================================================================
Received Import Request.
  Time since last request: 0.000018 seconds.
  path: Assets/AssetStoreOriginals/_SNAPS_PrototypingAssets/SciFi_Industrial/Prefabs/Decor/Meshes/TurbineCover_02_snaps002.asset
  artifactKey: Guid(74829891f33e52245be63a4d13e125fb) Importer(815301076,1909f56bfc062723c751e8b465ee728b)
Start importing Assets/AssetStoreOriginals/_SNAPS_PrototypingAssets/SciFi_Industrial/Prefabs/Decor/Meshes/TurbineCover_02_snaps002.asset using Guid(74829891f33e52245be63a4d13e125fb) Importer(815301076,1909f56bfc062723c751e8b465ee728b)  -> (artifact id: 'bb62d666dfb266a1db6fc5716ac2fbd4') in 0.011795 seconds 
========================================================================
Received Import Request.
  Time since last request: 0.000023 seconds.
  path: Assets/AssetStoreOriginals/_SNAPS_PrototypingAssets/SciFi_Industrial/Prefabs/Props/Meshes/Storage_03_snaps002.asset
  artifactKey: Guid(6cc6621e3581f3449b0e01aa95ebe997) Importer(815301076,1909f56bfc062723c751e8b465ee728b)
Start importing Assets/AssetStoreOriginals/_SNAPS_PrototypingAssets/SciFi_Industrial/Prefabs/Props/Meshes/Storage_03_snaps002.asset using Guid(6cc6621e3581f3449b0e01aa95ebe997) Importer(815301076,1909f56bfc062723c751e8b465ee728b)  -> (artifact id: 'f448b0bacca46071507a1c153ac38818') in 0.012415 seconds 
========================================================================
Received Import Request.
  Time since last request: 0.000025 seconds.
  path: Assets/AssetStoreOriginals/_SNAPS_PrototypingAssets/SciFi_Industrial/Prefabs/Structure/Stairs_Ramps/Meshes/Quart_Ramp_01_snaps002.asset
  artifactKey: Guid(fa62548066af98548995348276cb5234) Importer(815301076,1909f56bfc062723c751e8b465ee728b)
Start importing Assets/AssetStoreOriginals/_SNAPS_PrototypingAssets/SciFi_Industrial/Prefabs/Structure/Stairs_Ramps/Meshes/Quart_Ramp_01_snaps002.asset using Guid(fa62548066af98548995348276cb5234) Importer(815301076,1909f56bfc062723c751e8b465ee728b)  -> (artifact id: '88512d83ed394c0bc76387c258a52119') in 0.023287 seconds 
========================================================================
Received Import Request.
  Time since last request: 0.000025 seconds.
  path: Assets/AssetStoreOriginals/_SNAPS_PrototypingAssets/SciFi_Industrial/Prefabs/Structure/Walls/Meshes/Quart_Wall_Joint_02_snaps002.asset
  artifactKey: Guid(03fe162f77a26aa4fb8d38326c3def3c) Importer(815301076,1909f56bfc062723c751e8b465ee728b)
Start importing Assets/AssetStoreOriginals/_SNAPS_PrototypingAssets/SciFi_Industrial/Prefabs/Structure/Walls/Meshes/Quart_Wall_Joint_02_snaps002.asset using Guid(03fe162f77a26aa4fb8d38326c3def3c) Importer(815301076,1909f56bfc062723c751e8b465ee728b)  -> (artifact id: '348b3450016d9793197ee88aa1fb5958') in 0.011970 seconds 
========================================================================
Received Import Request.
  Time since last request: 0.000029 seconds.
  path: Assets/AssetStoreOriginals/_SNAPS_PrototypingAssets/SciFi_Industrial/Prefabs/Structure/Pillars_Supports/Meshes/Wall_Support_Big_snaps002.asset
  artifactKey: Guid(4c011908def67324fb4981c19dc60044) Importer(815301076,1909f56bfc062723c751e8b465ee728b)
Start importing Assets/AssetStoreOriginals/_SNAPS_PrototypingAssets/SciFi_Industrial/Prefabs/Structure/Pillars_Supports/Meshes/Wall_Support_Big_snaps002.asset using Guid(4c011908def67324fb4981c19dc60044) Importer(815301076,1909f56bfc062723c751e8b465ee728b)  -> (artifact id: 'abc2934f61b9cfcd269ca36a5f927b63') in 0.013354 seconds 
========================================================================
Received Import Request.
  Time since last request: 0.000024 seconds.
  path: Assets/AssetStoreOriginals/_SNAPS_PrototypingAssets/SciFi_Industrial/Prefabs/Structure/Pillars_Supports/Meshes/VerticalStrat_01_Base_snaps002.asset
  artifactKey: Guid(f82867ba7d1c9384e9b07fa80cdd33ae) Importer(815301076,1909f56bfc062723c751e8b465ee728b)
Start importing Assets/AssetStoreOriginals/_SNAPS_PrototypingAssets/SciFi_Industrial/Prefabs/Structure/Pillars_Supports/Meshes/VerticalStrat_01_Base_snaps002.asset using Guid(f82867ba7d1c9384e9b07fa80cdd33ae) Importer(815301076,1909f56bfc062723c751e8b465ee728b)  -> (artifact id: 'a1b3c5feaf8217f731eb297423eb7722') in 0.011541 seconds 
========================================================================
Received Import Request.
  Time since last request: 0.000018 seconds.
  path: Assets/AssetStoreOriginals/_SNAPS_PrototypingAssets/SciFi_Industrial/Prefabs/Decor/Meshes/TurbineCover_01_snaps002.asset
  artifactKey: Guid(033de1eb77c34254ea02ff8964b992ad) Importer(815301076,1909f56bfc062723c751e8b465ee728b)
Start importing Assets/AssetStoreOriginals/_SNAPS_PrototypingAssets/SciFi_Industrial/Prefabs/Decor/Meshes/TurbineCover_01_snaps002.asset using Guid(033de1eb77c34254ea02ff8964b992ad) Importer(815301076,1909f56bfc062723c751e8b465ee728b)  -> (artifact id: 'c02198ce93b5683e291a0d1b7f016009') in 0.011402 seconds 
========================================================================
Received Import Request.
  Time since last request: 0.000030 seconds.
  path: Assets/AssetStoreOriginals/_SNAPS_PrototypingAssets/SciFi_Industrial/Prefabs/Structure/Walls/Meshes/Quart_Wall_Joint_02_Collider.asset
  artifactKey: Guid(624053aefbbb5854fac3f5debbee8d8c) Importer(815301076,1909f56bfc062723c751e8b465ee728b)
Start importing Assets/AssetStoreOriginals/_SNAPS_PrototypingAssets/SciFi_Industrial/Prefabs/Structure/Walls/Meshes/Quart_Wall_Joint_02_Collider.asset using Guid(624053aefbbb5854fac3f5debbee8d8c) Importer(815301076,1909f56bfc062723c751e8b465ee728b)  -> (artifact id: 'c58b9ba742af81c044cb4abfdd986984') in 0.010562 seconds 
========================================================================
Received Import Request.
  Time since last request: 0.000020 seconds.
  path: Assets/AssetStoreOriginals/_SNAPS_PrototypingAssets/SciFi_Industrial/Prefabs/Structure/Walls/Meshes/Quart_Wall_Joint_01_Collider.asset
  artifactKey: Guid(e2b90f5500476fc41b8ef87fbda8984e) Importer(815301076,1909f56bfc062723c751e8b465ee728b)
Start importing Assets/AssetStoreOriginals/_SNAPS_PrototypingAssets/SciFi_Industrial/Prefabs/Structure/Walls/Meshes/Quart_Wall_Joint_01_Collider.asset using Guid(e2b90f5500476fc41b8ef87fbda8984e) Importer(815301076,1909f56bfc062723c751e8b465ee728b)  -> (artifact id: '9dfc81991f731580b26b443b19a168c1') in 0.011848 seconds 
========================================================================
Received Import Request.
  Time since last request: 0.000022 seconds.
  path: Assets/AssetStoreOriginals/_SNAPS_PrototypingAssets/SciFi_Industrial/Prefabs/Structure/Walls/Meshes/Quart_Wall_Joint_01_snaps002.asset
  artifactKey: Guid(12b0f9429988bb048b721c565d89c6ff) Importer(815301076,1909f56bfc062723c751e8b465ee728b)
Start importing Assets/AssetStoreOriginals/_SNAPS_PrototypingAssets/SciFi_Industrial/Prefabs/Structure/Walls/Meshes/Quart_Wall_Joint_01_snaps002.asset using Guid(12b0f9429988bb048b721c565d89c6ff) Importer(815301076,1909f56bfc062723c751e8b465ee728b)  -> (artifact id: 'cbd6b46578a6b1dfe7ca4ce2153054d3') in 0.011220 seconds 
========================================================================
Received Import Request.
  Time since last request: 0.000036 seconds.
  path: Assets/AssetStoreOriginals/_SNAPS_PrototypingAssets/SciFi_Industrial/Prefabs/Decor/Meshes/TurbineCover_03_snaps002.asset
  artifactKey: Guid(950ce27400542564ca11fb682be379d1) Importer(815301076,1909f56bfc062723c751e8b465ee728b)
Start importing Assets/AssetStoreOriginals/_SNAPS_PrototypingAssets/SciFi_Industrial/Prefabs/Decor/Meshes/TurbineCover_03_snaps002.asset using Guid(950ce27400542564ca11fb682be379d1) Importer(815301076,1909f56bfc062723c751e8b465ee728b)  -> (artifact id: 'bbb5a2d58185dc0df6dbcc0e581c90ba') in 0.011298 seconds 
========================================================================
Received Import Request.
  Time since last request: 0.000027 seconds.
  path: Assets/AssetStoreOriginals/_SNAPS_PrototypingAssets/SciFi_Industrial/Prefabs/Structure/Walls/Meshes/Quart_WallDoorFrame_01_snaps002.asset
  artifactKey: Guid(73b253996598aa14fb6137ff484ece59) Importer(815301076,1909f56bfc062723c751e8b465ee728b)
Start importing Assets/AssetStoreOriginals/_SNAPS_PrototypingAssets/SciFi_Industrial/Prefabs/Structure/Walls/Meshes/Quart_WallDoorFrame_01_snaps002.asset using Guid(73b253996598aa14fb6137ff484ece59) Importer(815301076,1909f56bfc062723c751e8b465ee728b)  -> (artifact id: 'fd84abeb3fb6d02df93781d1adf4b8eb') in 0.011481 seconds 
========================================================================
Received Import Request.
  Time since last request: 0.000022 seconds.
  path: Assets/AssetStoreOriginals/_SNAPS_PrototypingAssets/SciFi_Industrial/Prefabs/Structure/Pillars_Supports/Meshes/VerticalStrat_01_snaps002.asset
  artifactKey: Guid(04bc315d220d70647b3c3593fe40d153) Importer(815301076,1909f56bfc062723c751e8b465ee728b)
Start importing Assets/AssetStoreOriginals/_SNAPS_PrototypingAssets/SciFi_Industrial/Prefabs/Structure/Pillars_Supports/Meshes/VerticalStrat_01_snaps002.asset using Guid(04bc315d220d70647b3c3593fe40d153) Importer(815301076,1909f56bfc062723c751e8b465ee728b)  -> (artifact id: '7d49e7be194db32b5f8b56fddb51e253') in 0.012359 seconds 
========================================================================
Received Import Request.
  Time since last request: 0.000024 seconds.
  path: Assets/AssetStoreOriginals/_SNAPS_PrototypingAssets/SciFi_Industrial/Prefabs/Structure/Stairs_Ramps/Meshes/Quart_Ramp_01_Collider.asset
  artifactKey: Guid(94f78805525ab56409ef89f310b1ae48) Importer(815301076,1909f56bfc062723c751e8b465ee728b)
Start importing Assets/AssetStoreOriginals/_SNAPS_PrototypingAssets/SciFi_Industrial/Prefabs/Structure/Stairs_Ramps/Meshes/Quart_Ramp_01_Collider.asset using Guid(94f78805525ab56409ef89f310b1ae48) Importer(815301076,1909f56bfc062723c751e8b465ee728b)  -> (artifact id: '187a0053beddf8f4021681a17ba5abb1') in 0.011085 seconds 
========================================================================
Received Import Request.
  Time since last request: 0.000022 seconds.
  path: Assets/AssetStoreOriginals/_SNAPS_PrototypingAssets/SciFi_Industrial/Prefabs/Structure/Floors_Ceilings/Meshes/Quart_Ceiling_02_snaps002.asset
  artifactKey: Guid(9233aa5f07d040b418cc063df7de7c40) Importer(815301076,1909f56bfc062723c751e8b465ee728b)
Start importing Assets/AssetStoreOriginals/_SNAPS_PrototypingAssets/SciFi_Industrial/Prefabs/Structure/Floors_Ceilings/Meshes/Quart_Ceiling_02_snaps002.asset using Guid(9233aa5f07d040b418cc063df7de7c40) Importer(815301076,1909f56bfc062723c751e8b465ee728b)  -> (artifact id: '62e152025c51fd0deec78c2238d5fa3b') in 0.012285 seconds 
========================================================================
Received Import Request.
  Time since last request: 0.000021 seconds.
  path: Assets/AssetStoreOriginals/_SNAPS_PrototypingAssets/SciFi_Industrial/Prefabs/Structure/Stairs_Ramps/Meshes/Quart_Stairs_01_Collider.asset
  artifactKey: Guid(790928fa10f53fd43af5c91628818405) Importer(815301076,1909f56bfc062723c751e8b465ee728b)
Start importing Assets/AssetStoreOriginals/_SNAPS_PrototypingAssets/SciFi_Industrial/Prefabs/Structure/Stairs_Ramps/Meshes/Quart_Stairs_01_Collider.asset using Guid(790928fa10f53fd43af5c91628818405) Importer(815301076,1909f56bfc062723c751e8b465ee728b)  -> (artifact id: 'da763075273a2b7d1be2a15a8b3ade1d') in 0.010700 seconds 
========================================================================
Received Import Request.
  Time since last request: 0.000020 seconds.
  path: Assets/AssetStoreOriginals/_SNAPS_PrototypingAssets/SciFi_Industrial/Prefabs/Structure/Floors_Ceilings/Meshes/Quart_Floor_02_snaps002.asset
  artifactKey: Guid(714e1841bbf33af49b33663260e513b5) Importer(815301076,1909f56bfc062723c751e8b465ee728b)
Start importing Assets/AssetStoreOriginals/_SNAPS_PrototypingAssets/SciFi_Industrial/Prefabs/Structure/Floors_Ceilings/Meshes/Quart_Floor_02_snaps002.asset using Guid(714e1841bbf33af49b33663260e513b5) Importer(815301076,1909f56bfc062723c751e8b465ee728b)  -> (artifact id: '52c40f27fbca112fb04e827ef7a6aec4') in 0.010809 seconds 
========================================================================
Received Import Request.
  Time since last request: 0.000022 seconds.
  path: Assets/AssetStoreOriginals/_SNAPS_PrototypingAssets/SciFi_Industrial/Prefabs/Structure/Doors_Windows/Meshes/Quart_Door_01_snaps002.asset
  artifactKey: Guid(548588069ad8b8c46bd0edd10b218d3b) Importer(815301076,1909f56bfc062723c751e8b465ee728b)
Start importing Assets/AssetStoreOriginals/_SNAPS_PrototypingAssets/SciFi_Industrial/Prefabs/Structure/Doors_Windows/Meshes/Quart_Door_01_snaps002.asset using Guid(548588069ad8b8c46bd0edd10b218d3b) Importer(815301076,1909f56bfc062723c751e8b465ee728b)  -> (artifact id: '3e089dd95b895d5749308f590cd4a23f') in 0.012032 seconds 
========================================================================
Received Prepare
Registering precompiled user dll's ...
Registered in 0.009775 seconds.
Begin MonoManager ReloadAssembly
Symbol file LoadedFromMemory doesn't match image D:\unity\projects\ForeignAttack\Game1ForeignAttack\Library\PackageCache\com.unity.visualscripting@1.7.8\Editor\VisualScripting.Core\Dependencies\YamlDotNet\Unity.VisualScripting.YamlDotNet.dll
Symbol file LoadedFromMemory doesn't match image D:\unity\projects\ForeignAttack\Game1ForeignAttack\Library\PackageCache\com.unity.visualscripting@1.7.8\Editor\VisualScripting.Core\Dependencies\DotNetZip\Unity.VisualScripting.IonicZip.dll
Native extension for WindowsStandalone target not found
Refreshing native plugins compatible for Editor in 1.39 ms, found 3 plugins.
Preloading 0 native plugins for Editor in 0.00 ms.
Mono: successfully reloaded assembly
- Completed reload, in  1.224 seconds
Domain Reload Profiling:
	ReloadAssembly (1225ms)
		BeginReloadAssembly (199ms)
			ExecutionOrderSort (0ms)
			DisableScriptedObjects (4ms)
			BackupInstance (0ms)
			ReleaseScriptingObjects (0ms)
			CreateAndSetChildDomain (54ms)
		EndReloadAssembly (918ms)
			LoadAssemblies (158ms)
			RebuildTransferFunctionScriptingTraits (0ms)
			SetupTypeCache (302ms)
			ReleaseScriptCaches (2ms)
			RebuildScriptCaches (74ms)
			SetupLoadedEditorAssemblies (385ms)
				LogAssemblyErrors (0ms)
				InitializePlatformSupportModulesInManaged (12ms)
				SetLoadedEditorAssemblies (0ms)
				RefreshPlugins (1ms)
				BeforeProcessingInitializeOnLoad (77ms)
				ProcessInitializeOnLoadAttributes (262ms)
				ProcessInitializeOnLoadMethodAttributes (28ms)
				AfterProcessingInitializeOnLoad (4ms)
				EditorAssembliesLoaded (0ms)
			ExecutionOrderSort2 (0ms)
			AwakeInstancesAfterBackupRestoration (7ms)
Platform modules already initialized, skipping
Refreshing native plugins compatible for Editor in 3.08 ms, found 3 plugins.
Preloading 0 native plugins for Editor in 0.00 ms.
Unloading 3749 Unused Serialized files (Serialized files now loaded: 0)
Unloading 21 unused Assets / (119.3 KB). Loaded Objects now: 4258.
Memory consumption went from 137.0 MB to 136.9 MB.
Total: 3.330600 ms (FindLiveObjects: 0.367400 ms CreateObjectMapping: 0.087200 ms MarkObjects: 2.743100 ms  DeleteObjects: 0.132000 ms)

AssetImportParameters requested are different than current active one (requested -> active):
  custom:video-decoder-ogg-theora: a1e56fd34408186e4bbccfd4996cb3dc -> 
  custom:container-muxer-webm: aa71ff27fc2769a1b78a27578f13a17b -> 
  custom:container-demuxer-webm: 4f35f7cbe854078d1ac9338744f61a02 -> 
  custom:video-encoder-webm-vp8: eb34c28f22e8b96e1ab97ce403110664 -> 
  custom:audio-encoder-webm-vorbis: bf7c407c2cedff20999df2af8eb42d56 -> 
  custom:framework-win-MediaFoundation: 216162199b28c13a410421893ffa2e32 -> 
  custom:container-demuxer-ogg: 62fdf1f143b41e24485cea50d1cbac27 -> 
  custom:video-decoder-webm-vp8: 9c59270c3fd7afecdb556c50c9e8de78 -> 
  custom:audio-decoder-ogg-vorbis: bf7c407c2cedff20999df2af8eb42d56 -> 
========================================================================
Received Prepare
Registering precompiled user dll's ...
Registered in 0.009839 seconds.
Begin MonoManager ReloadAssembly
Symbol file LoadedFromMemory doesn't match image D:\unity\projects\ForeignAttack\Game1ForeignAttack\Library\PackageCache\com.unity.visualscripting@1.7.8\Editor\VisualScripting.Core\Dependencies\YamlDotNet\Unity.VisualScripting.YamlDotNet.dll
Symbol file LoadedFromMemory doesn't match image D:\unity\projects\ForeignAttack\Game1ForeignAttack\Library\PackageCache\com.unity.visualscripting@1.7.8\Editor\VisualScripting.Core\Dependencies\DotNetZip\Unity.VisualScripting.IonicZip.dll
Native extension for WindowsStandalone target not found
Refreshing native plugins compatible for Editor in 1.42 ms, found 3 plugins.
Preloading 0 native plugins for Editor in 0.00 ms.
Mono: successfully reloaded assembly
- Completed reload, in  1.203 seconds
Domain Reload Profiling:
	ReloadAssembly (1203ms)
		BeginReloadAssembly (189ms)
			ExecutionOrderSort (0ms)
			DisableScriptedObjects (7ms)
			BackupInstance (0ms)
			ReleaseScriptingObjects (0ms)
			CreateAndSetChildDomain (46ms)
		EndReloadAssembly (909ms)
			LoadAssemblies (155ms)
			RebuildTransferFunctionScriptingTraits (0ms)
			SetupTypeCache (312ms)
			ReleaseScriptCaches (2ms)
			RebuildScriptCaches (49ms)
			SetupLoadedEditorAssemblies (386ms)
				LogAssemblyErrors (0ms)
				InitializePlatformSupportModulesInManaged (14ms)
				SetLoadedEditorAssemblies (1ms)
				RefreshPlugins (2ms)
				BeforeProcessingInitializeOnLoad (79ms)
				ProcessInitializeOnLoadAttributes (259ms)
				ProcessInitializeOnLoadMethodAttributes (29ms)
				AfterProcessingInitializeOnLoad (4ms)
				EditorAssembliesLoaded (0ms)
			ExecutionOrderSort2 (0ms)
			AwakeInstancesAfterBackupRestoration (8ms)
Platform modules already initialized, skipping
Refreshing native plugins compatible for Editor in 2.76 ms, found 3 plugins.
Preloading 0 native plugins for Editor in 0.00 ms.
Unloading 3749 Unused Serialized files (Serialized files now loaded: 0)
Unloading 21 unused Assets / (119.2 KB). Loaded Objects now: 4261.
Memory consumption went from 137.0 MB to 136.9 MB.
Total: 3.485700 ms (FindLiveObjects: 0.377700 ms CreateObjectMapping: 0.087900 ms MarkObjects: 2.875700 ms  DeleteObjects: 0.143400 ms)

AssetImportParameters requested are different than current active one (requested -> active):
  custom:video-decoder-ogg-theora: a1e56fd34408186e4bbccfd4996cb3dc -> 
  custom:container-muxer-webm: aa71ff27fc2769a1b78a27578f13a17b -> 
  custom:container-demuxer-webm: 4f35f7cbe854078d1ac9338744f61a02 -> 
  custom:video-encoder-webm-vp8: eb34c28f22e8b96e1ab97ce403110664 -> 
  custom:audio-encoder-webm-vorbis: bf7c407c2cedff20999df2af8eb42d56 -> 
  custom:framework-win-MediaFoundation: 216162199b28c13a410421893ffa2e32 -> 
  custom:container-demuxer-ogg: 62fdf1f143b41e24485cea50d1cbac27 -> 
  custom:video-decoder-webm-vp8: 9c59270c3fd7afecdb556c50c9e8de78 -> 
  custom:audio-decoder-ogg-vorbis: bf7c407c2cedff20999df2af8eb42d56 -> 
========================================================================
Received Import Request.
  Time since last request: 154.153638 seconds.
  path: Assets/AssetStoreOriginals/_SNAPS_PrototypingAssets/SciFi_Industrial/Prefabs/Decor/Meshes/PanelEm_04_snaps002.asset
  artifactKey: Guid(7a3dd8cbb63eca9409cd7f8feda08bbd) Importer(815301076,1909f56bfc062723c751e8b465ee728b)
Start importing Assets/AssetStoreOriginals/_SNAPS_PrototypingAssets/SciFi_Industrial/Prefabs/Decor/Meshes/PanelEm_04_snaps002.asset using Guid(7a3dd8cbb63eca9409cd7f8feda08bbd) Importer(815301076,1909f56bfc062723c751e8b465ee728b)  -> (artifact id: 'd1e11ec3f199b50111f1249c3d43456b') in 0.083667 seconds 
========================================================================
Received Import Request.
  Time since last request: 0.202238 seconds.
  path: Assets/AssetStoreOriginals/_SNAPS_PrototypingAssets/SciFi_Industrial/Prefabs/Props/Meshes/Pipe_M_Corner_02_snaps002.asset
  artifactKey: Guid(031c859485842db488f42ff1f4db3a36) Importer(815301076,1909f56bfc062723c751e8b465ee728b)
Start importing Assets/AssetStoreOriginals/_SNAPS_PrototypingAssets/SciFi_Industrial/Prefabs/Props/Meshes/Pipe_M_Corner_02_snaps002.asset using Guid(031c859485842db488f42ff1f4db3a36) Importer(815301076,1909f56bfc062723c751e8b465ee728b)  -> (artifact id: 'ed80c83248e204f9a0c64912d3ec555b') in 0.013222 seconds 
========================================================================
Received Import Request.
  Time since last request: 0.000023 seconds.
  path: Assets/AssetStoreOriginals/_SNAPS_PrototypingAssets/SciFi_Industrial/Prefabs/Props/Meshes/Pod_snaps002.asset
  artifactKey: Guid(d75b6afd6356a2b49b7530e169eba91e) Importer(815301076,1909f56bfc062723c751e8b465ee728b)
Start importing Assets/AssetStoreOriginals/_SNAPS_PrototypingAssets/SciFi_Industrial/Prefabs/Props/Meshes/Pod_snaps002.asset using Guid(d75b6afd6356a2b49b7530e169eba91e) Importer(815301076,1909f56bfc062723c751e8b465ee728b)  -> (artifact id: '8d093b53ab245ffa9da5a23debe39af1') in 0.016431 seconds 
========================================================================
Received Import Request.
  Time since last request: 0.000028 seconds.
  path: Assets/AssetStoreOriginals/_SNAPS_PrototypingAssets/SciFi_Industrial/Prefabs/Props/Meshes/PodHolder_Collider.asset
  artifactKey: Guid(0c532b36fe3492a42b76d57b3bf96adc) Importer(815301076,1909f56bfc062723c751e8b465ee728b)
Start importing Assets/AssetStoreOriginals/_SNAPS_PrototypingAssets/SciFi_Industrial/Prefabs/Props/Meshes/PodHolder_Collider.asset using Guid(0c532b36fe3492a42b76d57b3bf96adc) Importer(815301076,1909f56bfc062723c751e8b465ee728b)  -> (artifact id: '2c3a4782f59e9fc5fdfb4726bb609e6f') in 0.026953 seconds 
========================================================================
Received Import Request.
  Time since last request: 0.000026 seconds.
  path: Assets/AssetStoreOriginals/_SNAPS_PrototypingAssets/SciFi_Industrial/Prefabs/Props/Meshes/Pipe_S_snaps002.asset
  artifactKey: Guid(66ff85e3549b513489af459c476b0536) Importer(815301076,1909f56bfc062723c751e8b465ee728b)
Start importing Assets/AssetStoreOriginals/_SNAPS_PrototypingAssets/SciFi_Industrial/Prefabs/Props/Meshes/Pipe_S_snaps002.asset using Guid(66ff85e3549b513489af459c476b0536) Importer(815301076,1909f56bfc062723c751e8b465ee728b)  -> (artifact id: '302f53999b905b40289a1ae6355b830a') in 0.023278 seconds 
========================================================================
Received Import Request.
  Time since last request: 0.000023 seconds.
  path: Assets/AssetStoreOriginals/_SNAPS_PrototypingAssets/SciFi_Industrial/Prefabs/Props/Meshes/PodCab_snaps002.asset
  artifactKey: Guid(cc96b35f07a967744aebcda4a6406776) Importer(815301076,1909f56bfc062723c751e8b465ee728b)
Start importing Assets/AssetStoreOriginals/_SNAPS_PrototypingAssets/SciFi_Industrial/Prefabs/Props/Meshes/PodCab_snaps002.asset using Guid(cc96b35f07a967744aebcda4a6406776) Importer(815301076,1909f56bfc062723c751e8b465ee728b)  -> (artifact id: 'd8b1aee09fb029dda9c5786ca9586d65') in 0.057875 seconds 
========================================================================
Received Import Request.
  Time since last request: 0.000023 seconds.
  path: Assets/AssetStoreOriginals/_SNAPS_PrototypingAssets/SciFi_Industrial/Prefabs/Decor/Meshes/WClamp_01_snaps002.asset
  artifactKey: Guid(72225dfe790d506409de83a0496215b8) Importer(815301076,1909f56bfc062723c751e8b465ee728b)
Start importing Assets/AssetStoreOriginals/_SNAPS_PrototypingAssets/SciFi_Industrial/Prefabs/Decor/Meshes/WClamp_01_snaps002.asset using Guid(72225dfe790d506409de83a0496215b8) Importer(815301076,1909f56bfc062723c751e8b465ee728b)  -> (artifact id: '5514f1b5b142cb67f7722b9b7e953e06') in 0.022612 seconds 
========================================================================
Received Import Request.
  Time since last request: 28.193069 seconds.
  path: Assets/Materials/fujHPGBm.mat
  artifactKey: Guid(102e52f21d3fc4f4295f7f178a4b1df4) Importer(815301076,1909f56bfc062723c751e8b465ee728b)
Start importing Assets/Materials/fujHPGBm.mat using Guid(102e52f21d3fc4f4295f7f178a4b1df4) Importer(815301076,1909f56bfc062723c751e8b465ee728b)  -> (artifact id: 'a462ca321d0275716e189b553876b0a2') in 0.081560 seconds 
========================================================================
Received Prepare
Registering precompiled user dll's ...
Registered in 0.009988 seconds.
Begin MonoManager ReloadAssembly
Symbol file LoadedFromMemory doesn't match image D:\unity\projects\ForeignAttack\Game1ForeignAttack\Library\PackageCache\com.unity.visualscripting@1.7.8\Editor\VisualScripting.Core\Dependencies\YamlDotNet\Unity.VisualScripting.YamlDotNet.dll
Symbol file LoadedFromMemory doesn't match image D:\unity\projects\ForeignAttack\Game1ForeignAttack\Library\PackageCache\com.unity.visualscripting@1.7.8\Editor\VisualScripting.Core\Dependencies\DotNetZip\Unity.VisualScripting.IonicZip.dll
Native extension for WindowsStandalone target not found
Refreshing native plugins compatible for Editor in 1.20 ms, found 3 plugins.
Preloading 0 native plugins for Editor in 0.00 ms.
Mono: successfully reloaded assembly
- Completed reload, in  1.196 seconds
Domain Reload Profiling:
	ReloadAssembly (1197ms)
		BeginReloadAssembly (170ms)
			ExecutionOrderSort (0ms)
			DisableScriptedObjects (4ms)
			BackupInstance (0ms)
			ReleaseScriptingObjects (0ms)
			CreateAndSetChildDomain (40ms)
		EndReloadAssembly (927ms)
			LoadAssemblies (142ms)
			RebuildTransferFunctionScriptingTraits (0ms)
			SetupTypeCache (297ms)
			ReleaseScriptCaches (2ms)
			RebuildScriptCaches (53ms)
			SetupLoadedEditorAssemblies (404ms)
				LogAssemblyErrors (0ms)
				InitializePlatformSupportModulesInManaged (13ms)
				SetLoadedEditorAssemblies (1ms)
				RefreshPlugins (1ms)
				BeforeProcessingInitializeOnLoad (81ms)
				ProcessInitializeOnLoadAttributes (272ms)
				ProcessInitializeOnLoadMethodAttributes (31ms)
				AfterProcessingInitializeOnLoad (4ms)
				EditorAssembliesLoaded (0ms)
			ExecutionOrderSort2 (0ms)
			AwakeInstancesAfterBackupRestoration (7ms)
Platform modules already initialized, skipping
Refreshing native plugins compatible for Editor in 2.42 ms, found 3 plugins.
Preloading 0 native plugins for Editor in 0.00 ms.
Unloading 3749 Unused Serialized files (Serialized files now loaded: 0)
Unloading 21 unused Assets / (119.3 KB). Loaded Objects now: 4297.
Memory consumption went from 137.6 MB to 137.5 MB.
Total: 3.828200 ms (FindLiveObjects: 0.492900 ms CreateObjectMapping: 0.094700 ms MarkObjects: 3.044000 ms  DeleteObjects: 0.194700 ms)

AssetImportParameters requested are different than current active one (requested -> active):
  custom:video-decoder-ogg-theora: a1e56fd34408186e4bbccfd4996cb3dc -> 
  custom:container-muxer-webm: aa71ff27fc2769a1b78a27578f13a17b -> 
  custom:container-demuxer-webm: 4f35f7cbe854078d1ac9338744f61a02 -> 
  custom:video-encoder-webm-vp8: eb34c28f22e8b96e1ab97ce403110664 -> 
  custom:audio-encoder-webm-vorbis: bf7c407c2cedff20999df2af8eb42d56 -> 
  custom:framework-win-MediaFoundation: 216162199b28c13a410421893ffa2e32 -> 
  custom:container-demuxer-ogg: 62fdf1f143b41e24485cea50d1cbac27 -> 
  custom:video-decoder-webm-vp8: 9c59270c3fd7afecdb556c50c9e8de78 -> 
  custom:audio-decoder-ogg-vorbis: bf7c407c2cedff20999df2af8eb42d56 -> 
Editor requested this worker to shutdown with reason: Scaling down because of idle timeout
AssetImportWorker is now disconnected from the server
Process exiting
Exiting without the bug reporter. Application will terminate with return code 0